22.5.2022, 12:20:34 - INFO - Socket disconnected [id: undefined] 
22.5.2022, 12:20:36 - INFO - New connected socket [id: tYzzj2eSL6XNvq_oAAAJ] 
22.5.2022, 12:21:03 - DEBUG - auth.service - login with username: user1 (userId: 614ad26392b8a1101045b3a1)
22.5.2022, 12:21:03 - INFO - User login:  | {"_id":"614ad26392b8a1101045b3a1","username":"user1","fullname":"Puki Norma","score":3140} (userId: 614ad26392b8a1101045b3a1)
22.5.2022, 12:21:03 - INFO - Setting socket.userId = 614ad26392b8a1101045b3a1 for socket [id: tYzzj2eSL6XNvq_oAAAJ] 
22.5.2022, 12:22:35 - INFO - Socket disconnected [id: undefined] 
22.5.2022, 12:22:35 - INFO - Socket disconnected [id: undefined] 
22.5.2022, 12:22:36 - INFO - Socket disconnected [id: undefined] 
22.5.2022, 12:22:37 - INFO - New connected socket [id: 2QqTjVzWwdROXu0bAAAM] 
22.5.2022, 12:22:37 - INFO - New connected socket [id: B7bS9JRGsmK28rYzAAAN] 
22.5.2022, 12:22:39 - INFO - New connected socket [id: mRCJ4rbIGO73BMMcAAAP] 
22.5.2022, 12:22:40 - INFO - Setting socket.userId = 614ad26392b8a1101045b3a1 for socket [id: mRCJ4rbIGO73BMMcAAAP] 
22.5.2022, 12:27:03 - INFO - New connected socket [id: -BUzrAfBLsXryiQaAAAR] 
22.5.2022, 12:27:03 - INFO - Setting socket.userId = 614ad26392b8a1101045b3a1 for socket [id: -BUzrAfBLsXryiQaAAAR] 
22.5.2022, 12:27:05 - INFO - New chat msg from socket [id: -BUzrAfBLsXryiQaAAAR], emitting to topic Love 
22.5.2022, 12:27:18 - INFO - Socket disconnected [id: undefined] 
22.5.2022, 12:27:18 - INFO - Socket disconnected [id: undefined] 
22.5.2022, 12:27:20 - INFO - New connected socket [id: KZiycNPywcK8xCxQAAAU] 
22.5.2022, 12:27:21 - INFO - New connected socket [id: MlFm92RP29rT74FnAAAV] 
22.5.2022, 12:27:21 - INFO - Setting socket.userId = 614ad26392b8a1101045b3a1 for socket [id: MlFm92RP29rT74FnAAAV] 
22.5.2022, 12:27:21 - INFO - Setting socket.userId = 614ad26392b8a1101045b3a1 for socket [id: MlFm92RP29rT74FnAAAV] 
22.5.2022, 12:27:24 - INFO - New chat msg from socket [id: MlFm92RP29rT74FnAAAV], emitting to topic Love 
22.5.2022, 12:28:08 - INFO - New connected socket [id: U4n1j5ZqaWEe58Y4AAAX] 
22.5.2022, 12:28:08 - INFO - New connected socket [id: 86fdhRiDYQQD6XUMAAAZ] 
22.5.2022, 12:28:09 - INFO - Setting socket.userId = 614ad26392b8a1101045b3a1 for socket [id: 86fdhRiDYQQD6XUMAAAZ] 
22.5.2022, 12:28:30 - INFO - Socket disconnected [id: undefined] 
22.5.2022, 12:28:30 - INFO - Socket disconnected [id: undefined] 
22.5.2022, 12:28:53 - INFO - Socket disconnected [id: undefined] 
22.5.2022, 12:29:17 - INFO - New connected socket [id: n_mkJjbSZVo4YOVmAAAb] 
22.5.2022, 12:29:18 - INFO - New connected socket [id: ejNTHKpzzJ89YHCgAAAd] 
22.5.2022, 12:29:18 - INFO - New connected socket [id: 1FfDydN0OapSNjz_AAAf] 
22.5.2022, 12:29:18 - INFO - Setting socket.userId = 614ad26392b8a1101045b3a1 for socket [id: 1FfDydN0OapSNjz_AAAf] 
22.5.2022, 12:29:18 - INFO - Setting socket.userId = 614ad26392b8a1101045b3a1 for socket [id: 1FfDydN0OapSNjz_AAAf] 
22.5.2022, 12:29:25 - INFO - New chat msg from socket [id: 1FfDydN0OapSNjz_AAAf], emitting to topic Love 
22.5.2022, 12:29:37 - INFO - Socket disconnected [id: undefined] 
22.5.2022, 12:29:37 - INFO - Socket disconnected [id: undefined] 
22.5.2022, 12:29:37 - INFO - Socket disconnected [id: undefined] 
22.5.2022, 12:29:37 - INFO - Socket disconnected [id: undefined] 
22.5.2022, 12:29:38 - INFO - New connected socket [id: fvBwvzWDtD92GhMfAAAi] 
22.5.2022, 12:29:38 - INFO - New connected socket [id: rGrIV1Ru3JpYKanLAAAj] 
22.5.2022, 12:29:40 - INFO - New chat msg from socket [id: fvBwvzWDtD92GhMfAAAi], emitting to topic Love 
22.5.2022, 12:29:48 - INFO - Socket is leaving topic Love [id: fvBwvzWDtD92GhMfAAAi] 
22.5.2022, 12:29:50 - INFO - New chat msg from socket [id: fvBwvzWDtD92GhMfAAAi], emitting to topic Politics 
22.5.2022, 12:29:52 - INFO - Socket is leaving topic Love [id: 1FfDydN0OapSNjz_AAAf] 
22.5.2022, 12:29:57 - INFO - New chat msg from socket [id: 1FfDydN0OapSNjz_AAAf], emitting to topic Politics 
22.5.2022, 12:30:04 - INFO - New connected socket [id: plCcCqupiDHyld2UAAAl] 
22.5.2022, 12:30:05 - INFO - Setting socket.userId = 614ad26392b8a1101045b3a1 for socket [id: plCcCqupiDHyld2UAAAl] 
22.5.2022, 12:30:08 - INFO - New chat msg from socket [id: plCcCqupiDHyld2UAAAl], emitting to topic Politics 
22.5.2022, 12:30:33 - INFO - New connected socket [id: 0stgyTJy3n4OgaYnAAAn] 
22.5.2022, 12:30:34 - INFO - New connected socket [id: ydymkx_-7V93uBzDAAAp] 
22.5.2022, 12:30:34 - INFO - Setting socket.userId = 614ad26392b8a1101045b3a1 for socket [id: 0stgyTJy3n4OgaYnAAAn] 
22.5.2022, 12:33:50 - INFO - Socket disconnected [id: undefined] 
22.5.2022, 12:33:50 - INFO - Socket disconnected [id: undefined] 
22.5.2022, 12:33:50 - INFO - Socket disconnected [id: undefined] 
22.5.2022, 12:33:50 - INFO - Socket disconnected [id: undefined] 
22.5.2022, 12:33:50 - INFO - Socket disconnected [id: undefined] 
22.5.2022, 12:33:51 - INFO - Socket disconnected [id: undefined] 
22.5.2022, 12:33:51 - INFO - Socket disconnected [id: undefined] 
22.5.2022, 12:33:54 - INFO - New connected socket [id: TTmNL1dGwk-S_jULAAAs] 
22.5.2022, 12:33:54 - INFO - New connected socket [id: U6AwtEMcqFfKt0PQAAAt] 
22.5.2022, 12:33:56 - INFO - New connected socket [id: XxiopI45tBSt4agTAAAv] 
22.5.2022, 12:33:56 - INFO - New connected socket [id: qbsSlJtWRI7m7a02AAAx] 
22.5.2022, 12:34:01 - INFO - Setting socket.userId = 614ad26392b8a1101045b3a1 for socket [id: qbsSlJtWRI7m7a02AAAx] 
22.5.2022, 12:34:01 - INFO - Setting socket.userId = 614ad26392b8a1101045b3a1 for socket [id: qbsSlJtWRI7m7a02AAAx] 
22.5.2022, 12:34:01 - INFO - New connected socket [id: 3wRnMPyGKGzFJ2NpAAAz] 
22.5.2022, 12:34:01 - INFO - New connected socket [id: YW9Fu4crINjIpAIBAAA1] 
22.5.2022, 12:34:02 - INFO - Setting socket.userId = 614ad26392b8a1101045b3a1 for socket [id: 3wRnMPyGKGzFJ2NpAAAz] 
22.5.2022, 12:34:12 - INFO - New connected socket [id: M_WYsYSrYNMnwgL-AAA3] 
22.5.2022, 12:34:12 - INFO - New connected socket [id: tqi40f8K4hopopZWAAA5] 
22.5.2022, 12:34:13 - INFO - Setting socket.userId = 614ad26392b8a1101045b3a1 for socket [id: M_WYsYSrYNMnwgL-AAA3] 
22.5.2022, 12:34:38 - INFO - New connected socket [id: VFYwSGb3a0OfE-AxAAA7] 
22.5.2022, 12:34:38 - INFO - New connected socket [id: 0P2WkGzQ2H6HNqn7AAA9] 
22.5.2022, 12:34:39 - INFO - Setting socket.userId = 614ad26392b8a1101045b3a1 for socket [id: 0P2WkGzQ2H6HNqn7AAA9] 
22.5.2022, 12:34:59 - INFO - New connected socket [id: PVS-WK9KuLcKO6N2AAA_] 
22.5.2022, 12:34:59 - INFO - New connected socket [id: JmtpTt1QxJBwfI2rAABB] 
22.5.2022, 12:35:00 - INFO - Setting socket.userId = 614ad26392b8a1101045b3a1 for socket [id: PVS-WK9KuLcKO6N2AAA_] 
22.5.2022, 12:36:36 - DEBUG - auth.service - signup with username: ya, fullname: Ya 
22.5.2022, 12:36:36 - DEBUG - auth.route - new account created: {"username":"ya","password":"$2b$10$j6/XZncPCi1CfI1RsfSB1.zIXgZrpYrSZjrtC5mCxK0Mp/phQcwZm","fullname":"Ya","imgUrl":"https://res.cloudinary.com/dcwibf9o5/image/upload/v1653212192/jfz8ymdhk5i6jdb2u4bq.jpg","score":100,"_id":"628a0424ae695950446757ed"} 
22.5.2022, 12:36:36 - DEBUG - auth.service - login with username: ya 
22.5.2022, 12:36:36 - INFO - User signup: | {"_id":"628a0424ae695950446757ed","username":"ya","fullname":"Ya","imgUrl":"https://res.cloudinary.com/dcwibf9o5/image/upload/v1653212192/jfz8ymdhk5i6jdb2u4bq.jpg","score":100} 
22.5.2022, 12:36:36 - INFO - Setting socket.userId = 628a0424ae695950446757ed for socket [id: JmtpTt1QxJBwfI2rAABB] 
22.5.2022, 12:37:12 - INFO - Broadcasting event: review-added (userId: 614ad26392b8a1101045b3a1)
22.5.2022, 12:37:12 - INFO - Broadcast to all excluding user: 614ad26392b8a1101045b3a1 (userId: 614ad26392b8a1101045b3a1)
22.5.2022, 12:37:12 - INFO - No active socket for user: 614ad26392b8a1101045b3a2 (userId: 614ad26392b8a1101045b3a1)
22.5.2022, 12:37:21 - INFO - Socket disconnected [id: undefined] 
22.5.2022, 12:37:21 - INFO - Socket disconnected [id: undefined] 
22.5.2022, 12:37:21 - INFO - Socket disconnected [id: undefined] 
22.5.2022, 12:37:21 - INFO - Socket disconnected [id: undefined] 
22.5.2022, 12:37:21 - INFO - Socket disconnected [id: undefined] 
22.5.2022, 12:37:21 - INFO - Socket disconnected [id: undefined] 
22.5.2022, 12:37:22 - INFO - New connected socket [id: MezB_7I3gkaalxL0AABD] 
22.5.2022, 12:37:23 - INFO - Setting socket.userId = 614ad26392b8a1101045b3a1 for socket [id: MezB_7I3gkaalxL0AABD] 
22.5.2022, 12:37:34 - INFO - Broadcasting event: review-added (userId: 614ad26392b8a1101045b3a1)
22.5.2022, 12:37:34 - INFO - Broadcast to all excluding user: 614ad26392b8a1101045b3a1 (userId: 614ad26392b8a1101045b3a1)
22.5.2022, 12:37:34 - INFO - No active socket for user: 614ad26392b8a1101045b3a2 (userId: 614ad26392b8a1101045b3a1)
22.5.2022, 12:42:17 - INFO - Broadcasting event: review-added (userId: 614ad26392b8a1101045b3a1)
22.5.2022, 12:42:17 - INFO - Broadcast to all excluding user: 614ad26392b8a1101045b3a1 (userId: 614ad26392b8a1101045b3a1)
22.5.2022, 12:42:17 - INFO - Emiting event: review-about-you to user: 628a0424ae695950446757ed socket [id: JmtpTt1QxJBwfI2rAABB] (userId: 614ad26392b8a1101045b3a1)
22.5.2022, 12:42:23 - INFO - Socket disconnected [id: undefined] 
22.5.2022, 12:42:23 - INFO - Socket disconnected [id: undefined] 
22.5.2022, 12:42:23 - INFO - Socket disconnected [id: undefined] 
22.5.2022, 12:42:23 - INFO - Socket disconnected [id: undefined] 
22.5.2022, 12:42:23 - INFO - Socket disconnected [id: undefined] 
22.5.2022, 12:42:23 - INFO - Socket disconnected [id: undefined] 
22.5.2022, 12:42:25 - INFO - New connected socket [id: E9WeiJex6SooPIH-AABF] 
22.5.2022, 12:42:25 - INFO - Setting socket.userId = 628a0424ae695950446757ed for socket [id: E9WeiJex6SooPIH-AABF] 
22.5.2022, 12:42:31 - INFO - Broadcasting event: review-added (userId: 614ad26392b8a1101045b3a1)
22.5.2022, 12:42:31 - INFO - Broadcast to all excluding user: 614ad26392b8a1101045b3a1 (userId: 614ad26392b8a1101045b3a1)
22.5.2022, 12:42:31 - INFO - Emiting event: review-about-you to user: 628a0424ae695950446757ed socket [id: E9WeiJex6SooPIH-AABF] (userId: 614ad26392b8a1101045b3a1)
22.5.2022, 12:50:13 - INFO - Server is running on port: 3030 
22.5.2022, 12:50:14 - INFO - New connected socket [id: mZHpoZgSSRZdhPhnAAAD] 
22.5.2022, 12:50:14 - INFO - New connected socket [id: RW_hz9tYkApiAfrSAAAE] 
22.5.2022, 12:50:14 - INFO - New connected socket [id: Lo3Gi2gYCkos4d0yAAAF] 
22.5.2022, 12:53:43 - INFO - user-watch from socket [id: RW_hz9tYkApiAfrSAAAE], on user 614ad26392b8a1101045b3a1 
22.5.2022, 12:53:58 - INFO - user-watch from socket [id: RW_hz9tYkApiAfrSAAAE], on user 628a0424ae695950446757ed 
22.5.2022, 12:54:09 - INFO - Broadcasting event: review-added (userId: 628a0424ae695950446757ed)
22.5.2022, 12:54:09 - INFO - Emit to all (userId: 628a0424ae695950446757ed)
22.5.2022, 12:54:09 - INFO - No active socket for user: 614ad26492b8a1101045b3a3 (userId: 628a0424ae695950446757ed)
22.5.2022, 12:54:46 - INFO - Socket disconnected [id: undefined] 
22.5.2022, 16:49:49 - INFO - Server is running on port: 3030 
22.5.2022, 16:49:52 - INFO - New connected socket [id: asjkL4j2tCdZmaXyAAAB] 
22.5.2022, 16:52:08 - INFO - New connected socket [id: U723rQ9T0m89RpHiAAAD] 
22.5.2022, 17:31:25 - INFO - Socket disconnected [id: undefined] 
22.5.2022, 17:31:25 - INFO - Socket disconnected [id: undefined] 
23.5.2022, 8:16:15 - INFO - New connected socket [id: 6UUa-eprSPNSgulWAAAG] 
23.5.2022, 8:16:15 - INFO - New connected socket [id: Bmopc5goLW2xwCDfAAAH] 
23.5.2022, 22:55:42 - INFO - Server is running on port: 3030 
23.5.2022, 22:55:43 - INFO - New connected socket [id: aIjoZ3CzWtIUS2pCAAAB] 
23.5.2022, 22:56:33 - INFO - Socket disconnected [id: undefined] 
23.5.2022, 22:56:34 - INFO - New connected socket [id: rgC-KNNOjPWNvZ3rAAAD] 
23.5.2022, 22:58:11 - INFO - Socket disconnected [id: undefined] 
23.5.2022, 22:58:12 - INFO - New connected socket [id: z8LjDUZbWX7Kre5pAAAF] 
23.5.2022, 22:59:05 - INFO - Socket disconnected [id: undefined] 
23.5.2022, 22:59:06 - INFO - New connected socket [id: zhDqDh3KxyyQ1iPQAAAH] 
23.5.2022, 22:59:14 - INFO - Socket disconnected [id: undefined] 
23.5.2022, 22:59:14 - INFO - New connected socket [id: 40yAjkMI_Ky37pJQAAAJ] 
23.5.2022, 22:59:19 - DEBUG - auth.service - login with username: user1 
23.5.2022, 22:59:19 - INFO - User login:  | {"_id":"614ad26392b8a1101045b3a1","username":"user1","fullname":"Puki Norma","score":3180} 
23.5.2022, 22:59:19 - INFO - Setting socket.userId = 614ad26392b8a1101045b3a1 for socket [id: 40yAjkMI_Ky37pJQAAAJ] 
23.5.2022, 22:59:29 - INFO - New connected socket [id: wsjewyuE2MmYVMAUAAAL] 
23.5.2022, 22:59:33 - INFO - Socket disconnected [id: undefined] 
23.5.2022, 22:59:44 - INFO - New connected socket [id: 07ykm9KFEVllJjXMAAAN] 
23.5.2022, 22:59:49 - INFO - user-watch from socket [id: 07ykm9KFEVllJjXMAAAN], on user 614ad26392b8a1101045b3a2 
23.5.2022, 23:00:03 - INFO - user-watch from socket [id: 07ykm9KFEVllJjXMAAAN], on user 614ad26392b8a1101045b3a1 
23.5.2022, 23:00:21 - INFO - Broadcasting event: review-added (userId: 614ad26392b8a1101045b3a1)
23.5.2022, 23:00:21 - INFO - Emit to all (userId: 614ad26392b8a1101045b3a1)
23.5.2022, 23:00:21 - INFO - No active socket for user: 628a0424ae695950446757ed (userId: 614ad26392b8a1101045b3a1)
23.5.2022, 23:11:33 - INFO - New chat msg from socket [id: 40yAjkMI_Ky37pJQAAAJ], emitting to topic Love 
23.5.2022, 23:11:36 - INFO - New chat msg from socket [id: 40yAjkMI_Ky37pJQAAAJ], emitting to topic Love 
23.5.2022, 23:11:44 - INFO - New chat msg from socket [id: 40yAjkMI_Ky37pJQAAAJ], emitting to topic Love 
23.5.2022, 23:12:40 - INFO - New chat msg from socket [id: 40yAjkMI_Ky37pJQAAAJ], emitting to topic Love 
23.5.2022, 23:12:43 - INFO - New chat msg from socket [id: 40yAjkMI_Ky37pJQAAAJ], emitting to topic Love 
23.5.2022, 23:15:25 - INFO - Server is running on port: 3030 
23.5.2022, 23:15:25 - INFO - New connected socket [id: DI8E-DSvNIV-hWo5AAAB] 
23.5.2022, 23:15:25 - INFO - New connected socket [id: DbqvncklAfeTQHfZAAAD] 
23.5.2022, 23:16:48 - INFO - Server is running on port: 3030 
23.5.2022, 23:16:48 - INFO - New connected socket [id: UjIIBPMTB6HbJW30AAAB] 
23.5.2022, 23:16:49 - INFO - New connected socket [id: LiTwRF4yKF4Bf4D0AAAD] 
23.5.2022, 23:17:04 - INFO - Server is running on port: 3030 
23.5.2022, 23:17:04 - INFO - New connected socket [id: 2_xH7b0ZhOdV7-qHAAAB] 
23.5.2022, 23:17:04 - INFO - New connected socket [id: ckikpwH0dnqNY4SCAAAD] 
23.5.2022, 23:17:46 - INFO - Socket disconnected [id: undefined] 
23.5.2022, 23:17:46 - INFO - Socket disconnected [id: undefined] 
23.5.2022, 23:17:47 - INFO - New connected socket [id: ipSkD0-xv_U7oGhCAAAF] 
23.5.2022, 23:17:47 - INFO - user-watch from socket [id: ipSkD0-xv_U7oGhCAAAF], on user 614ad26392b8a1101045b3a1 
23.5.2022, 23:17:47 - INFO - New connected socket [id: beQjNEIqRyk0Yd8nAAAH] 
23.5.2022, 23:17:47 - INFO - Setting socket.userId = 614ad26392b8a1101045b3a1 for socket [id: beQjNEIqRyk0Yd8nAAAH] 
23.5.2022, 23:18:23 - INFO - Socket disconnected [id: undefined] 
23.5.2022, 23:18:23 - INFO - Socket disconnected [id: undefined] 
23.5.2022, 23:18:24 - INFO - New connected socket [id: ur19sbfa63Eft3RJAAAK] 
23.5.2022, 23:18:24 - INFO - New connected socket [id: 82gvu_3xMbzUdds4AAAL] 
23.5.2022, 23:18:24 - INFO - user-watch from socket [id: ur19sbfa63Eft3RJAAAK], on user 614ad26392b8a1101045b3a1 
23.5.2022, 23:18:24 - INFO - Setting socket.userId = 614ad26392b8a1101045b3a1 for socket [id: 82gvu_3xMbzUdds4AAAL] 
23.5.2022, 23:21:12 - INFO - Socket disconnected [id: undefined] 
23.5.2022, 23:21:13 - INFO - Socket disconnected [id: undefined] 
23.5.2022, 23:21:13 - INFO - New connected socket [id: YIEI4W5m_w34_I_eAAAN] 
23.5.2022, 23:21:13 - INFO - user-watch from socket [id: YIEI4W5m_w34_I_eAAAN], on user 614ad26392b8a1101045b3a1 
23.5.2022, 23:21:13 - INFO - New connected socket [id: k7HsJdn5xhsL9fLKAAAP] 
23.5.2022, 23:21:14 - INFO - Setting socket.userId = 614ad26392b8a1101045b3a1 for socket [id: k7HsJdn5xhsL9fLKAAAP] 
23.5.2022, 23:25:26 - INFO - Socket disconnected [id: undefined] 
23.5.2022, 23:25:26 - INFO - New connected socket [id: 2PVQpzCY-ATeAdPdAAAR] 
23.5.2022, 23:25:26 - INFO - Setting socket.userId = 614ad26392b8a1101045b3a1 for socket [id: 2PVQpzCY-ATeAdPdAAAR] 
23.5.2022, 23:29:45 - INFO - New chat msg from socket [id: 2PVQpzCY-ATeAdPdAAAR], emitting to topic Love 
23.5.2022, 23:29:47 - INFO - Socket is leaving topic Love [id: 2PVQpzCY-ATeAdPdAAAR] 
23.5.2022, 23:29:53 - INFO - Socket disconnected [id: undefined] 
23.5.2022, 23:29:53 - INFO - New connected socket [id: gMdn8-9nACNq8dq5AAAT] 
23.5.2022, 23:29:54 - INFO - Setting socket.userId = 614ad26392b8a1101045b3a1 for socket [id: gMdn8-9nACNq8dq5AAAT] 
23.5.2022, 23:29:56 - INFO - Socket is leaving topic Love [id: gMdn8-9nACNq8dq5AAAT] 
23.5.2022, 23:29:59 - INFO - Socket disconnected [id: undefined] 
23.5.2022, 23:30:00 - INFO - New connected socket [id: NHXd6eTnNjZjm-G6AAAV] 
23.5.2022, 23:30:00 - INFO - Setting socket.userId = 614ad26392b8a1101045b3a1 for socket [id: NHXd6eTnNjZjm-G6AAAV] 
23.5.2022, 23:30:02 - INFO - Socket is leaving topic Love [id: NHXd6eTnNjZjm-G6AAAV] 
23.5.2022, 23:30:04 - INFO - Socket is leaving topic Politics [id: NHXd6eTnNjZjm-G6AAAV] 
23.5.2022, 23:30:05 - INFO - Socket is leaving topic Love [id: NHXd6eTnNjZjm-G6AAAV] 
23.5.2022, 23:31:09 - INFO - Socket is leaving topic on [id: NHXd6eTnNjZjm-G6AAAV] 
23.5.2022, 23:34:16 - INFO - New chat msg from socket [id: NHXd6eTnNjZjm-G6AAAV], emitting to topic Love 
23.5.2022, 23:34:19 - INFO - New chat msg from socket [id: NHXd6eTnNjZjm-G6AAAV], emitting to topic Love 
23.5.2022, 23:34:26 - INFO - New chat msg from socket [id: YIEI4W5m_w34_I_eAAAN], emitting to topic Love 
23.5.2022, 23:36:51 - INFO - Server is running on port: 3030 
23.5.2022, 23:36:51 - INFO - New connected socket [id: B-PzTmFHNzSfTZyxAAAB] 
23.5.2022, 23:36:52 - INFO - New connected socket [id: ipf6SAiIJ6WvA0hYAAAD] 
23.5.2022, 23:36:57 - INFO - Server is running on port: 3030 
23.5.2022, 23:36:57 - INFO - New connected socket [id: _aXIwy3BuXq7pdMWAAAB] 
23.5.2022, 23:36:57 - INFO - New connected socket [id: KkbRpY-GbBGJObO7AAAD] 
23.5.2022, 23:37:09 - INFO - Server is running on port: 3030 
23.5.2022, 23:37:09 - INFO - New connected socket [id: H4lqOXD8c4F2W5N4AAAB] 
23.5.2022, 23:37:09 - INFO - New connected socket [id: aZTEDyYK9yvF5LewAAAD] 
23.5.2022, 23:37:15 - INFO - Server is running on port: 3030 
23.5.2022, 23:37:15 - INFO - New connected socket [id: uGUhKM5Exn0Sjxq7AAAB] 
23.5.2022, 23:37:16 - INFO - New connected socket [id: BMRrdNIBKMYGdiO_AAAD] 
23.5.2022, 23:37:26 - INFO - Server is running on port: 3030 
23.5.2022, 23:37:26 - INFO - New connected socket [id: xAtJUiGP9bFkW4o3AAAB] 
23.5.2022, 23:37:27 - INFO - New connected socket [id: 2YfcZS2U2KdNofLnAAAD] 
23.5.2022, 23:37:32 - INFO - Server is running on port: 3030 
23.5.2022, 23:37:33 - INFO - New connected socket [id: Xg4l194VIZyliYT-AAAB] 
23.5.2022, 23:37:33 - INFO - New connected socket [id: 5gDJsYepTNkBeA1AAAAD] 
23.5.2022, 23:37:37 - INFO - Server is running on port: 3030 
23.5.2022, 23:37:38 - INFO - New connected socket [id: tHB2oaKKoHmB0Vt1AAAB] 
23.5.2022, 23:37:38 - INFO - New connected socket [id: wl5r4CvxwCID0uztAAAD] 
23.5.2022, 23:37:47 - INFO - Server is running on port: 3030 
23.5.2022, 23:37:47 - INFO - New connected socket [id: 2wBTlwx9tRdQepTmAAAB] 
23.5.2022, 23:37:47 - INFO - New connected socket [id: _2OV3CcGFibZl_lnAAAD] 
23.5.2022, 23:37:59 - INFO - Socket disconnected [id: undefined] 
23.5.2022, 23:37:59 - INFO - Socket disconnected [id: undefined] 
23.5.2022, 23:38:00 - INFO - New connected socket [id: GzEaFfz-Gq5X09B6AAAF] 
23.5.2022, 23:38:00 - INFO - New connected socket [id: ldqxIC73KGtg2MxWAAAH] 
23.5.2022, 23:38:00 - INFO - Setting socket.userId = 614ad26392b8a1101045b3a1 for socket [id: ldqxIC73KGtg2MxWAAAH] 
23.5.2022, 23:38:09 - INFO - Socket disconnected [id: undefined] 
23.5.2022, 23:38:09 - INFO - Socket disconnected [id: undefined] 
23.5.2022, 23:38:10 - INFO - New connected socket [id: HVLhPIc99NQ856__AAAJ] 
23.5.2022, 23:38:10 - INFO - New connected socket [id: 8TjyZ30oTknH7-8iAAAL] 
23.5.2022, 23:38:10 - INFO - Setting socket.userId = 614ad26392b8a1101045b3a1 for socket [id: 8TjyZ30oTknH7-8iAAAL] 
23.5.2022, 23:39:07 - INFO - Server is running on port: 3030 
23.5.2022, 23:39:07 - INFO - New connected socket [id: IqWmK9KBx0kEmN64AAAB] 
23.5.2022, 23:39:08 - INFO - Server is running on port: 3030 
23.5.2022, 23:39:08 - INFO - New connected socket [id: jf_ljBOgFf9nWRNqAAAB] 
23.5.2022, 23:39:09 - INFO - New connected socket [id: TMlb19Ehj8_hkEc9AAAD] 
23.5.2022, 23:39:15 - INFO - Server is running on port: 3030 
23.5.2022, 23:39:15 - INFO - New connected socket [id: Osqlc6AcitgeFyrEAAAB] 
23.5.2022, 23:39:15 - INFO - New connected socket [id: y3u3SyStK_3RIQs_AAAD] 
23.5.2022, 23:39:30 - INFO - Server is running on port: 3030 
23.5.2022, 23:39:31 - INFO - New connected socket [id: fJVbkuBEnJMcJlZKAAAB] 
23.5.2022, 23:39:31 - INFO - New connected socket [id: 2yNRvWi-Nkn9iRvxAAAD] 
23.5.2022, 23:40:54 - INFO - Socket disconnected [id: undefined] 
23.5.2022, 23:46:09 - INFO - Socket disconnected [id: undefined] 
23.5.2022, 23:46:09 - INFO - New connected socket [id: Ma4aw9avngTD3ozfAAAF] 
23.5.2022, 23:46:12 - INFO - Socket disconnected [id: undefined] 
23.5.2022, 23:46:12 - INFO - New connected socket [id: KIU9zQY6oXX2MUShAAAH] 
23.5.2022, 23:47:13 - INFO - Server is running on port: 3030 
23.5.2022, 23:47:13 - INFO - New connected socket [id: 6ekkpdRLLFb0p5ZTAAAB] 
24.5.2022, 12:28:06 - INFO - New connected socket [id: a1NwKgrf8zLQUQf9AAAD] 
24.5.2022, 12:28:20 - DEBUG - auth.service - login with username: user1 (userId: 614ad26392b8a1101045b3a1)
24.5.2022, 12:28:20 - INFO - User login:  | {"_id":"614ad26392b8a1101045b3a1","username":"user1","fullname":"Puki Norma","score":3190} (userId: 614ad26392b8a1101045b3a1)
24.5.2022, 12:28:20 - INFO - Setting socket.userId = 614ad26392b8a1101045b3a1 for socket [id: a1NwKgrf8zLQUQf9AAAD] 
24.5.2022, 12:28:34 - INFO - Socket disconnected [id: undefined] 
24.5.2022, 12:28:35 - INFO - New connected socket [id: J82MjHdbdYjPlld6AAAF] 
24.5.2022, 12:28:40 - DEBUG - auth.service - login with username: ya 
24.5.2022, 12:28:40 - INFO - User login:  | {"_id":"628a0424ae695950446757ed","username":"ya","fullname":"Ya","imgUrl":"https://res.cloudinary.com/dcwibf9o5/image/upload/v1653212192/jfz8ymdhk5i6jdb2u4bq.jpg","score":110} 
24.5.2022, 12:28:40 - INFO - Setting socket.userId = 628a0424ae695950446757ed for socket [id: J82MjHdbdYjPlld6AAAF] 
24.5.2022, 12:29:05 - INFO - user-watch from socket [id: J82MjHdbdYjPlld6AAAF], on user 614ad26392b8a1101045b3a1 
24.5.2022, 12:29:30 - INFO - Broadcasting event: review-added (userId: 614ad26392b8a1101045b3a1)
24.5.2022, 12:29:30 - INFO - Emit to all (userId: 614ad26392b8a1101045b3a1)
24.5.2022, 12:29:30 - INFO - No active socket for user: 614ad26492b8a1101045b3a3 (userId: 614ad26392b8a1101045b3a1)
24.5.2022, 12:40:02 - INFO - Socket disconnected [id: undefined] 
24.5.2022, 12:40:04 - INFO - New connected socket [id: bZKuhqrn_3l580mwAAAH] 
24.5.2022, 12:40:04 - INFO - Setting socket.userId = 614ad26392b8a1101045b3a1 for socket [id: bZKuhqrn_3l580mwAAAH] 
24.5.2022, 12:40:04 - INFO - Socket disconnected [id: undefined] 
24.5.2022, 12:40:05 - INFO - New connected socket [id: B0rRln74Fd2ZTZw7AAAJ] 
24.5.2022, 12:40:06 - INFO - Setting socket.userId = 628a0424ae695950446757ed for socket [id: B0rRln74Fd2ZTZw7AAAJ] 
24.5.2022, 12:40:06 - INFO - user-watch from socket [id: B0rRln74Fd2ZTZw7AAAJ], on user 614ad26392b8a1101045b3a1 
24.5.2022, 12:40:14 - INFO - Socket disconnected [id: undefined] 
24.5.2022, 12:40:15 - INFO - New connected socket [id: w0uImw39E6PLEjm2AAAL] 
24.5.2022, 12:40:16 - INFO - Setting socket.userId = 614ad26392b8a1101045b3a1 for socket [id: w0uImw39E6PLEjm2AAAL] 
24.5.2022, 12:40:20 - INFO - Removing socket.userId for socket [id: w0uImw39E6PLEjm2AAAL] 
24.5.2022, 12:40:26 - INFO - Socket disconnected [id: undefined] 
24.5.2022, 12:40:26 - INFO - New connected socket [id: KODxHQYEVRpeqY02AAAN] 
24.5.2022, 12:40:44 - INFO - Socket disconnected [id: undefined] 
24.5.2022, 12:40:44 - INFO - Socket disconnected [id: undefined] 
24.5.2022, 12:40:45 - INFO - New connected socket [id: bYGNPw6tcwfjKPcCAAAP] 
24.5.2022, 12:40:46 - INFO - Setting socket.userId = dRBsy for socket [id: bYGNPw6tcwfjKPcCAAAP] 
24.5.2022, 12:40:46 - INFO - Setting socket.userId = BoNn0 for socket [id: bYGNPw6tcwfjKPcCAAAP] 
24.5.2022, 12:40:47 - INFO - Setting socket.userId = HeIc1 for socket [id: bYGNPw6tcwfjKPcCAAAP] 
24.5.2022, 12:40:48 - INFO - Socket disconnected [id: undefined] 
24.5.2022, 12:40:50 - INFO - New connected socket [id: kUzx-QXIYL9hvyIYAAAR] 
24.5.2022, 12:40:50 - INFO - Socket disconnected [id: undefined] 
24.5.2022, 12:40:51 - INFO - New connected socket [id: Lh2-OsoVhCrGxRW2AAAT] 
24.5.2022, 12:40:51 - INFO - Setting socket.userId = HeIc1 for socket [id: Lh2-OsoVhCrGxRW2AAAT] 
24.5.2022, 12:40:51 - INFO - New connected socket [id: BNGnz1LxjVx8FmaRAAAV] 
24.5.2022, 12:40:52 - INFO - Setting socket.userId = FpCI0 for socket [id: BNGnz1LxjVx8FmaRAAAV] 
24.5.2022, 12:40:52 - INFO - user-watch from socket [id: BNGnz1LxjVx8FmaRAAAV], on user 614ad26392b8a1101045b3a1 
24.5.2022, 12:41:01 - INFO - Removing socket.userId for socket [id: Lh2-OsoVhCrGxRW2AAAT] 
24.5.2022, 12:41:04 - INFO - Setting socket.userId = BoNn0 for socket [id: Lh2-OsoVhCrGxRW2AAAT] 
24.5.2022, 12:41:16 - INFO - user-watch from socket [id: Lh2-OsoVhCrGxRW2AAAT], on user dRBsy 
24.5.2022, 12:41:31 - INFO - Socket disconnected [id: undefined] 
24.5.2022, 12:41:31 - INFO - New connected socket [id: G-SpbeRahNq9INtwAAAX] 
24.5.2022, 12:41:32 - INFO - Setting socket.userId = FpCI0 for socket [id: G-SpbeRahNq9INtwAAAX] 
24.5.2022, 12:41:33 - INFO - Removing socket.userId for socket [id: G-SpbeRahNq9INtwAAAX] 
24.5.2022, 12:41:39 - INFO - Setting socket.userId = ho81U for socket [id: G-SpbeRahNq9INtwAAAX] 
24.5.2022, 12:41:46 - INFO - user-watch from socket [id: G-SpbeRahNq9INtwAAAX], on user WYCHM 
24.5.2022, 12:41:55 - INFO - Socket disconnected [id: undefined] 
24.5.2022, 12:41:58 - INFO - New connected socket [id: wWnBIRkJECFGDEETAAAZ] 
24.5.2022, 12:41:58 - INFO - Setting socket.userId = BoNn0 for socket [id: wWnBIRkJECFGDEETAAAZ] 
24.5.2022, 12:42:10 - INFO - Socket disconnected [id: undefined] 
24.5.2022, 12:42:18 - INFO - New connected socket [id: DpMXFnofrH-r5nfCAAAb] 
24.5.2022, 12:42:28 - INFO - Setting socket.userId = dRBsy for socket [id: DpMXFnofrH-r5nfCAAAb] 
24.5.2022, 12:42:36 - INFO - user-watch from socket [id: wWnBIRkJECFGDEETAAAZ], on user dRBsy 
16.7.2022, 15:55:20 - INFO - Server is running on port: 3030 
17.7.2022, 11:02:50 - INFO - Server is running on port: 3030 
17.7.2022, 11:16:44 - DEBUG - auth.service - login with username: user1 
17.7.2022, 11:16:44 - INFO - User login:  | {"_id":"614ad26392b8a1101045b3a1","username":"user1","fullname":"Puki Norma","score":3200} 
17.7.2022, 11:17:04 - INFO - Broadcasting event: review-added (userId: 614ad26392b8a1101045b3a1)
17.7.2022, 11:17:04 - INFO - Emit to all (userId: 614ad26392b8a1101045b3a1)
17.7.2022, 11:17:04 - INFO - No active socket for user: 628a0424ae695950446757ed (userId: 614ad26392b8a1101045b3a1)
17.7.2022, 11:23:47 - INFO - Server is running on port: 3030 
17.7.2022, 11:25:48 - INFO - Server is running on port: 3030 
17.7.2022, 11:29:21 - INFO - Server is running on port: 3030 
17.7.2022, 11:52:32 - INFO - Server is running on port: 3030 
17.7.2022, 11:57:12 - INFO - Server is running on port: 3030 
17.7.2022, 11:58:09 - INFO - Server is running on port: 3030 
17.7.2022, 13:14:15 - DEBUG - auth.service - login with username: admin 
17.7.2022, 13:14:15 - INFO - User login:  | {"_id":"614ad26392b8a1101045b3a2","username":"admin","fullname":"Master Adminov","score":1100,"isAdmin":true} 
17.7.2022, 13:14:26 - INFO - Broadcasting event: review-added (userId: 614ad26392b8a1101045b3a2)
17.7.2022, 13:14:26 - INFO - Emit to all (userId: 614ad26392b8a1101045b3a2)
17.7.2022, 13:14:26 - INFO - No active socket for user: 614ad26492b8a1101045b3a3 (userId: 614ad26392b8a1101045b3a2)
17.7.2022, 13:42:22 - INFO - Server is running on port: 3030 
17.7.2022, 13:42:30 - DEBUG - auth.service - login with username: user1 
17.7.2022, 13:42:30 - INFO - User login:  | {"_id":"614ad26392b8a1101045b3a1","username":"user1","fullname":"Puki Norma","score":3300} 
17.7.2022, 13:43:25 - ERROR - while finding user undefined | Error: Argument passed in must be a single String of 12 bytes or a string of 24 hex characters 
17.7.2022, 13:43:25 - ERROR - Failed to get user | Error: Argument passed in must be a single String of 12 bytes or a string of 24 hex characters 
17.7.2022, 13:43:32 - DEBUG - auth.service - login with username: user1 
17.7.2022, 13:43:32 - INFO - User login:  | {"_id":"614ad26392b8a1101045b3a1","username":"user1","fullname":"Puki Norma","score":3300} 
17.7.2022, 13:44:28 - ERROR - while finding user undefined | Error: Argument passed in must be a single String of 12 bytes or a string of 24 hex characters 
17.7.2022, 13:44:28 - ERROR - Failed to get user | Error: Argument passed in must be a single String of 12 bytes or a string of 24 hex characters 
17.7.2022, 13:46:16 - INFO - Server is running on port: 3030 
17.7.2022, 13:46:24 - DEBUG - auth.service - login with username: user1 
17.7.2022, 13:46:24 - INFO - User login:  | {"_id":"614ad26392b8a1101045b3a1","username":"user1","fullname":"Puki Norma","score":3300} 
17.7.2022, 13:50:39 - INFO - Server is running on port: 3030 
17.7.2022, 13:50:47 - ERROR - while finding user by id: undefined | Error: Argument passed in must be a single String of 12 bytes or a string of 24 hex characters 
17.7.2022, 13:50:47 - ERROR - Failed to get user | Error: Argument passed in must be a single String of 12 bytes or a string of 24 hex characters 
17.7.2022, 13:50:49 - DEBUG - auth.service - login with username: user1 
17.7.2022, 13:50:49 - INFO - User login:  | {"_id":"614ad26392b8a1101045b3a1","username":"user1","fullname":"Puki Norma","score":3300} 
17.7.2022, 13:51:52 - INFO - Server is running on port: 3030 
17.7.2022, 13:52:01 - DEBUG - auth.service - login with username: user1 
17.7.2022, 13:52:01 - INFO - User login:  | {"_id":"614ad26392b8a1101045b3a1","username":"user1","fullname":"Puki Norma","score":3300} 
17.7.2022, 13:52:17 - INFO - Broadcasting event: review-added (userId: 614ad26392b8a1101045b3a1)
17.7.2022, 13:52:17 - INFO - Emit to all (userId: 614ad26392b8a1101045b3a1)
17.7.2022, 13:52:17 - INFO - No active socket for user: 614ad26392b8a1101045b3a2 (userId: 614ad26392b8a1101045b3a1)
17.7.2022, 14:08:23 - INFO - Server is running on port: 3030 
17.7.2022, 14:18:00 - ERROR - while finding user by id: undefined | Error: Argument passed in must be a single String of 12 bytes or a string of 24 hex characters (userId: 614ad26392b8a1101045b3a1)
17.7.2022, 14:18:00 - ERROR - Failed to get user | Error: Argument passed in must be a single String of 12 bytes or a string of 24 hex characters (userId: 614ad26392b8a1101045b3a1)
17.7.2022, 14:18:26 - DEBUG - auth.service - login with username: user1 (userId: 614ad26392b8a1101045b3a1)
17.7.2022, 14:18:26 - INFO - User login:  | {"_id":"614ad26392b8a1101045b3a1","username":"user1","fullname":"Puki Norma","score":3400} (userId: 614ad26392b8a1101045b3a1)
17.7.2022, 14:18:35 - INFO - Broadcasting event: review-added (userId: 614ad26392b8a1101045b3a1)
17.7.2022, 14:18:35 - INFO - Emit to all (userId: 614ad26392b8a1101045b3a1)
17.7.2022, 14:18:35 - INFO - No active socket for user: 628a0424ae695950446757ed (userId: 614ad26392b8a1101045b3a1)
18.7.2022, 1:16:39 - INFO - Server is running on port: 3030 
18.7.2022, 11:57:41 - INFO - Server is running on port: 3030 
18.7.2022, 12:18:27 - INFO - New connected socket [id: 5AUtr6TmfP7qUeTfAAAB] 
18.7.2022, 12:18:27 - INFO - New connected socket [id: nZBsVYkRD3kaoD0HAAAD] 
18.7.2022, 12:18:28 - INFO - Setting socket.userId = UKrRe for socket [id: nZBsVYkRD3kaoD0HAAAD] 
18.7.2022, 12:19:33 - INFO - Socket disconnected [id: undefined] 
18.7.2022, 12:19:35 - INFO - New connected socket [id: D3IGdT636TDkNKb2AAAF] 
18.7.2022, 12:19:46 - INFO - Socket disconnected [id: undefined] 
18.7.2022, 12:20:11 - INFO - New connected socket [id: SQ9u9lfmQnjaNDizAAAH] 
18.7.2022, 12:20:16 - INFO - Socket disconnected [id: undefined] 
18.7.2022, 12:20:17 - INFO - New connected socket [id: FDp_cY_WdW8UlPe-AAAJ] 
18.7.2022, 12:20:42 - INFO - Socket disconnected [id: undefined] 
18.7.2022, 12:20:43 - INFO - Socket disconnected [id: undefined] 
18.7.2022, 12:20:44 - INFO - New connected socket [id: WGxYBpee78vcnJjgAAAL] 
18.7.2022, 12:20:51 - INFO - New connected socket [id: sS2viaQ3mtMwXSa1AAAN] 
18.7.2022, 12:20:54 - INFO - Socket disconnected [id: undefined] 
18.7.2022, 12:20:54 - INFO - Socket disconnected [id: undefined] 
18.7.2022, 12:20:56 - INFO - New connected socket [id: hdDvE4TYvRB3z8pPAAAP] 
18.7.2022, 12:20:57 - INFO - Socket disconnected [id: undefined] 
18.7.2022, 12:20:59 - INFO - New connected socket [id: cFk93t4JKiSR_2oTAAAS] 
18.7.2022, 12:21:02 - INFO - New connected socket [id: 0mNkCh5GghIyUQqqAAAT] 
18.7.2022, 12:21:02 - INFO - Socket disconnected [id: undefined] 
18.7.2022, 12:21:06 - DEBUG - auth.service - login with username: muki 
18.7.2022, 12:21:06 - INFO - User login:  | {"_id":"614ad26492b8a1101045b3a3","username":"muki","fullname":"Muki G","score":4920} 
18.7.2022, 12:21:06 - INFO - Setting socket.userId = 614ad26492b8a1101045b3a3 for socket [id: cFk93t4JKiSR_2oTAAAS] 
18.7.2022, 12:21:09 - INFO - New connected socket [id: pqg2xngJhXshv9xfAAAV] 
18.7.2022, 12:21:13 - DEBUG - auth.service - login with username: user1 (userId: 614ad26392b8a1101045b3a1)
18.7.2022, 12:21:13 - INFO - User login:  | {"_id":"614ad26392b8a1101045b3a1","username":"user1","fullname":"Puki Norma","score":3500} (userId: 614ad26392b8a1101045b3a1)
18.7.2022, 12:21:13 - INFO - Setting socket.userId = 614ad26392b8a1101045b3a1 for socket [id: pqg2xngJhXshv9xfAAAV] 
18.7.2022, 12:21:28 - INFO - Broadcasting event: review-added (userId: 614ad26392b8a1101045b3a1)
18.7.2022, 12:21:28 - INFO - Emit to all (userId: 614ad26392b8a1101045b3a1)
18.7.2022, 12:21:28 - INFO - No active socket for user: 628a0424ae695950446757ed (userId: 614ad26392b8a1101045b3a1)
18.7.2022, 12:21:53 - INFO - Socket disconnected [id: undefined] 
18.7.2022, 12:21:55 - INFO - New connected socket [id: tU9H-z6HTCpJKPd4AAAX] 
18.7.2022, 12:21:55 - INFO - Setting socket.userId = 614ad26392b8a1101045b3a1 for socket [id: tU9H-z6HTCpJKPd4AAAX] 
18.7.2022, 12:22:14 - INFO - Broadcasting event: review-added (userId: 614ad26392b8a1101045b3a1)
18.7.2022, 12:22:14 - INFO - Emit to all (userId: 614ad26392b8a1101045b3a1)
18.7.2022, 12:22:14 - INFO - No active socket for user: 614ad26492b8a1101045b3a3 (userId: 614ad26392b8a1101045b3a1)
18.7.2022, 12:22:41 - INFO - Socket disconnected [id: undefined] 
18.7.2022, 12:22:42 - INFO - Socket disconnected [id: undefined] 
18.7.2022, 12:22:45 - INFO - New connected socket [id: 5QDl1tBf-dZzlimnAAAZ] 
18.7.2022, 12:22:45 - INFO - Setting socket.userId = 614ad26492b8a1101045b3a3 for socket [id: 5QDl1tBf-dZzlimnAAAZ] 
18.7.2022, 12:22:46 - INFO - New connected socket [id: h6--q05KuJaFZAh7AAAb] 
18.7.2022, 12:22:47 - INFO - Setting socket.userId = 614ad26392b8a1101045b3a1 for socket [id: h6--q05KuJaFZAh7AAAb] 
18.7.2022, 12:22:53 - INFO - Broadcasting event: review-added (userId: 614ad26392b8a1101045b3a1)
18.7.2022, 12:22:53 - INFO - Emit to all (userId: 614ad26392b8a1101045b3a1)
18.7.2022, 12:22:53 - INFO - No active socket for user: 628a0424ae695950446757ed (userId: 614ad26392b8a1101045b3a1)
18.7.2022, 12:24:58 - INFO - New connected socket [id: 09qKrucgCigjCFLGAAAd] 
18.7.2022, 12:25:00 - INFO - Socket disconnected [id: undefined] 
18.7.2022, 12:26:48 - INFO - user-watch from socket [id: h6--q05KuJaFZAh7AAAb], on user 614ad26492b8a1101045b3a3 
18.7.2022, 12:27:21 - INFO - Socket disconnected [id: undefined] 
18.7.2022, 12:27:21 - INFO - Socket disconnected [id: undefined] 
18.7.2022, 12:27:24 - INFO - New connected socket [id: 93BkwZxK8u7XxvEkAAAf] 
18.7.2022, 12:27:25 - INFO - New connected socket [id: oiVylGwu8PW-E59FAAAh] 
18.7.2022, 12:27:25 - INFO - Setting socket.userId = 614ad26392b8a1101045b3a1 for socket [id: oiVylGwu8PW-E59FAAAh] 
18.7.2022, 12:27:25 - INFO - user-watch from socket [id: oiVylGwu8PW-E59FAAAh], on user 614ad26492b8a1101045b3a3 
18.7.2022, 12:27:25 - INFO - Setting socket.userId = 614ad26492b8a1101045b3a3 for socket [id: 93BkwZxK8u7XxvEkAAAf] 
18.7.2022, 12:27:35 - INFO - Broadcasting event: review-added (userId: 614ad26492b8a1101045b3a3)
18.7.2022, 12:27:35 - INFO - Emit to all (userId: 614ad26492b8a1101045b3a3)
18.7.2022, 12:27:35 - INFO - No active socket for user: 614ad26392b8a1101045b3a1 (userId: 614ad26492b8a1101045b3a3)
18.7.2022, 12:28:45 - ERROR - while finding user by id: undefined | Error: Argument passed in must be a single String of 12 bytes or a string of 24 hex characters (userId: 614ad26392b8a1101045b3a1)
18.7.2022, 12:28:45 - ERROR - Failed to get user | Error: Argument passed in must be a single String of 12 bytes or a string of 24 hex characters (userId: 614ad26392b8a1101045b3a1)
18.7.2022, 12:28:54 - INFO - Socket disconnected [id: undefined] 
18.7.2022, 12:28:54 - INFO - New connected socket [id: EpL48ubTJ8tCWhWCAAAj] 
18.7.2022, 12:28:54 - INFO - Setting socket.userId = 614ad26492b8a1101045b3a3 for socket [id: EpL48ubTJ8tCWhWCAAAj] 
18.7.2022, 12:28:57 - INFO - Socket disconnected [id: undefined] 
18.7.2022, 12:28:59 - INFO - New connected socket [id: 6TaJcLv_llEV2QUQAAAl] 
18.7.2022, 12:28:59 - INFO - Setting socket.userId = 614ad26392b8a1101045b3a1 for socket [id: 6TaJcLv_llEV2QUQAAAl] 
18.7.2022, 12:31:03 - INFO - New chat msg from socket [id: EpL48ubTJ8tCWhWCAAAj], emitting to topic undefined 
18.7.2022, 12:31:03 - INFO - New chat msg from socket [id: 6TaJcLv_llEV2QUQAAAl], emitting to topic undefined 
18.7.2022, 12:31:12 - INFO - New chat msg from socket [id: EpL48ubTJ8tCWhWCAAAj], emitting to topic undefined 
18.7.2022, 12:31:12 - INFO - New chat msg from socket [id: 6TaJcLv_llEV2QUQAAAl], emitting to topic undefined 
18.7.2022, 12:31:19 - INFO - New chat msg from socket [id: 6TaJcLv_llEV2QUQAAAl], emitting to topic undefined 
18.7.2022, 12:31:24 - INFO - Socket disconnected [id: undefined] 
18.7.2022, 12:31:24 - INFO - New connected socket [id: UEh_haJSneuyZXiKAAAn] 
18.7.2022, 12:31:24 - INFO - New chat msg from socket [id: UEh_haJSneuyZXiKAAAn], emitting to topic undefined 
18.7.2022, 12:31:25 - INFO - Setting socket.userId = 614ad26492b8a1101045b3a3 for socket [id: UEh_haJSneuyZXiKAAAn] 
18.7.2022, 12:31:27 - INFO - New chat msg from socket [id: UEh_haJSneuyZXiKAAAn], emitting to topic undefined 
18.7.2022, 12:31:30 - INFO - New chat msg from socket [id: UEh_haJSneuyZXiKAAAn], emitting to topic undefined 
18.7.2022, 12:32:44 - INFO - Socket disconnected [id: undefined] 
18.7.2022, 12:32:44 - INFO - Socket disconnected [id: undefined] 
18.7.2022, 12:32:46 - INFO - New connected socket [id: FYoZOftmOxOqkMWtAAAp] 
18.7.2022, 12:32:46 - INFO - New chat msg from socket [id: FYoZOftmOxOqkMWtAAAp], emitting to topic undefined 
18.7.2022, 12:32:46 - INFO - Setting socket.userId = 614ad26492b8a1101045b3a3 for socket [id: FYoZOftmOxOqkMWtAAAp] 
18.7.2022, 12:32:52 - INFO - New connected socket [id: pdNz0gTLgAHD6eLMAAAr] 
18.7.2022, 12:32:53 - INFO - New chat msg from socket [id: pdNz0gTLgAHD6eLMAAAr], emitting to topic undefined 
18.7.2022, 12:32:53 - INFO - Setting socket.userId = 614ad26392b8a1101045b3a1 for socket [id: pdNz0gTLgAHD6eLMAAAr] 
18.7.2022, 12:32:56 - INFO - New chat msg from socket [id: pdNz0gTLgAHD6eLMAAAr], emitting to topic undefined 
18.7.2022, 12:33:00 - INFO - New chat msg from socket [id: FYoZOftmOxOqkMWtAAAp], emitting to topic undefined 
18.7.2022, 14:53:02 - INFO - Socket disconnected [id: undefined] 
18.7.2022, 14:53:03 - INFO - New connected socket [id: qCuOMgATBjsv_ae-AAAt] 
18.7.2022, 14:53:03 - INFO - New chat msg from socket [id: qCuOMgATBjsv_ae-AAAt], emitting to topic undefined 
18.7.2022, 14:53:03 - INFO - Setting socket.userId = 614ad26492b8a1101045b3a3 for socket [id: qCuOMgATBjsv_ae-AAAt] 
18.7.2022, 14:53:49 - INFO - Socket disconnected [id: undefined] 
18.7.2022, 14:53:49 - INFO - Socket disconnected [id: undefined] 
18.7.2022, 14:53:51 - INFO - New connected socket [id: PzE-iXm5KLuBgHigAAAv] 
18.7.2022, 14:53:51 - INFO - New chat msg from socket [id: PzE-iXm5KLuBgHigAAAv], emitting to topic undefined 
18.7.2022, 14:53:51 - INFO - Setting socket.userId = 614ad26492b8a1101045b3a3 for socket [id: PzE-iXm5KLuBgHigAAAv] 
18.7.2022, 14:53:52 - INFO - New connected socket [id: v1en3Uqof15Rf61XAAAx] 
18.7.2022, 14:53:52 - INFO - New chat msg from socket [id: v1en3Uqof15Rf61XAAAx], emitting to topic undefined 
18.7.2022, 14:53:53 - INFO - Setting socket.userId = 614ad26392b8a1101045b3a1 for socket [id: v1en3Uqof15Rf61XAAAx] 
18.7.2022, 14:54:17 - INFO - New chat msg from socket [id: PzE-iXm5KLuBgHigAAAv], emitting to topic undefined 
18.7.2022, 14:54:17 - INFO - New chat msg from socket [id: v1en3Uqof15Rf61XAAAx], emitting to topic undefined 
18.7.2022, 14:54:20 - INFO - Socket disconnected [id: undefined] 
18.7.2022, 14:54:21 - INFO - New connected socket [id: EpBfLVNZg3ihS6c_AAAz] 
18.7.2022, 14:54:21 - INFO - New chat msg from socket [id: EpBfLVNZg3ihS6c_AAAz], emitting to topic undefined 
18.7.2022, 14:54:21 - INFO - Setting socket.userId = 614ad26492b8a1101045b3a3 for socket [id: EpBfLVNZg3ihS6c_AAAz] 
18.7.2022, 14:54:43 - INFO - user-watch from socket [id: v1en3Uqof15Rf61XAAAx], on user 614ad26392b8a1101045b3a1 
18.7.2022, 14:54:45 - ERROR - while finding user by id: undefined | Error: Argument passed in must be a single String of 12 bytes or a string of 24 hex characters (userId: 614ad26392b8a1101045b3a1)
18.7.2022, 14:54:45 - ERROR - Failed to get user | Error: Argument passed in must be a single String of 12 bytes or a string of 24 hex characters (userId: 614ad26392b8a1101045b3a1)
18.7.2022, 14:54:46 - INFO - Removing socket.userId for socket [id: v1en3Uqof15Rf61XAAAx] 
18.7.2022, 14:56:01 - INFO - Socket disconnected [id: undefined] 
18.7.2022, 14:56:02 - INFO - New connected socket [id: 2xqYTuT16mfRIRUJAAA1] 
18.7.2022, 14:56:05 - DEBUG - auth.service - login with username: user1 (userId: 614ad26392b8a1101045b3a1)
18.7.2022, 14:56:05 - INFO - User login:  | {"_id":"614ad26392b8a1101045b3a1","username":"user1","fullname":"Puki Norma","score":3800} (userId: 614ad26392b8a1101045b3a1)
18.7.2022, 14:56:05 - INFO - Setting socket.userId = 614ad26392b8a1101045b3a1 for socket [id: 2xqYTuT16mfRIRUJAAA1] 
18.7.2022, 14:56:08 - INFO - New chat msg from socket [id: 2xqYTuT16mfRIRUJAAA1], emitting to topic undefined 
18.7.2022, 14:56:18 - INFO - New chat msg from socket [id: 2xqYTuT16mfRIRUJAAA1], emitting to topic undefined 
18.7.2022, 14:58:16 - INFO - New chat msg from socket [id: 2xqYTuT16mfRIRUJAAA1], emitting to topic Love 
18.7.2022, 14:58:16 - INFO - New chat msg from socket [id: EpBfLVNZg3ihS6c_AAAz], emitting to topic Love 
18.7.2022, 14:59:18 - INFO - Socket disconnected [id: undefined] 
18.7.2022, 14:59:19 - INFO - New connected socket [id: aamyt4jm7g4pWiFCAAA3] 
18.7.2022, 14:59:19 - INFO - New chat msg from socket [id: aamyt4jm7g4pWiFCAAA3], emitting to topic Love 
18.7.2022, 14:59:19 - INFO - Setting socket.userId = 614ad26492b8a1101045b3a3 for socket [id: aamyt4jm7g4pWiFCAAA3] 
18.7.2022, 14:59:24 - INFO - Socket disconnected [id: undefined] 
18.7.2022, 14:59:24 - INFO - New connected socket [id: MtUdhU4YOOuycxVZAAA5] 
18.7.2022, 14:59:24 - INFO - New chat msg from socket [id: MtUdhU4YOOuycxVZAAA5], emitting to topic Love 
18.7.2022, 14:59:25 - INFO - Setting socket.userId = 614ad26492b8a1101045b3a3 for socket [id: MtUdhU4YOOuycxVZAAA5] 
18.7.2022, 14:59:29 - INFO - Socket disconnected [id: undefined] 
18.7.2022, 14:59:30 - INFO - New connected socket [id: 2yJTfK5Hm_2l9gpGAAA7] 
18.7.2022, 14:59:30 - INFO - New chat msg from socket [id: 2yJTfK5Hm_2l9gpGAAA7], emitting to topic Love 
18.7.2022, 14:59:30 - INFO - Setting socket.userId = 614ad26392b8a1101045b3a1 for socket [id: 2yJTfK5Hm_2l9gpGAAA7] 
18.7.2022, 14:59:34 - INFO - New chat msg from socket [id: 2yJTfK5Hm_2l9gpGAAA7], emitting to topic Love 
18.7.2022, 14:59:59 - INFO - Socket disconnected [id: undefined] 
18.7.2022, 15:00:00 - INFO - New connected socket [id: KWXnGZ92Kg66nAjUAAA9] 
18.7.2022, 15:00:01 - INFO - Socket disconnected [id: undefined] 
18.7.2022, 15:00:01 - INFO - Setting socket.userId = 614ad26492b8a1101045b3a3 for socket [id: KWXnGZ92Kg66nAjUAAA9] 
18.7.2022, 15:00:01 - INFO - New connected socket [id: 2Z39e5SSTgA-KHabAAA_] 
18.7.2022, 15:00:02 - INFO - Setting socket.userId = 614ad26392b8a1101045b3a1 for socket [id: 2Z39e5SSTgA-KHabAAA_] 
18.7.2022, 15:00:07 - INFO - New chat msg from socket [id: 2Z39e5SSTgA-KHabAAA_], emitting to topic Love 
18.7.2022, 15:00:13 - INFO - New chat msg from socket [id: KWXnGZ92Kg66nAjUAAA9], emitting to topic Love 
18.7.2022, 15:00:16 - INFO - Socket is leaving topic Love [id: 2Z39e5SSTgA-KHabAAA_] 
18.7.2022, 15:00:17 - INFO - New chat msg from socket [id: 2Z39e5SSTgA-KHabAAA_], emitting to topic Politics 
18.7.2022, 15:00:21 - INFO - Socket is leaving topic Love [id: KWXnGZ92Kg66nAjUAAA9] 
18.7.2022, 15:00:23 - INFO - New chat msg from socket [id: KWXnGZ92Kg66nAjUAAA9], emitting to topic Politics 
18.7.2022, 15:00:41 - INFO - Broadcasting event: review-added (userId: 614ad26392b8a1101045b3a1)
18.7.2022, 15:00:41 - INFO - Emit to all (userId: 614ad26392b8a1101045b3a1)
18.7.2022, 15:00:41 - INFO - No active socket for user: 614ad26392b8a1101045b3a1 (userId: 614ad26392b8a1101045b3a1)
18.7.2022, 15:03:30 - INFO - Removing socket.userId for socket [id: 2Z39e5SSTgA-KHabAAA_] 
18.7.2022, 15:03:36 - DEBUG - auth.service - login with username: ya (userId: 614ad26392b8a1101045b3a1)
18.7.2022, 15:03:36 - INFO - User login:  | {"_id":"628a0424ae695950446757ed","username":"ya","fullname":"Ya","imgUrl":"https://res.cloudinary.com/dcwibf9o5/image/upload/v1653212192/jfz8ymdhk5i6jdb2u4bq.jpg","score":110} (userId: 614ad26392b8a1101045b3a1)
18.7.2022, 15:03:36 - INFO - Setting socket.userId = 628a0424ae695950446757ed for socket [id: 2Z39e5SSTgA-KHabAAA_] 
18.7.2022, 15:04:01 - INFO - Broadcasting event: review-added (userId: 628a0424ae695950446757ed)
18.7.2022, 15:04:01 - INFO - Emit to all (userId: 628a0424ae695950446757ed)
18.7.2022, 15:04:01 - INFO - No active socket for user: 614ad26392b8a1101045b3a1 (userId: 628a0424ae695950446757ed)
18.7.2022, 15:13:25 - INFO - Server is running on port: 3030 
18.7.2022, 15:13:25 - INFO - New connected socket [id: sFdL4U53Z0cFMFaDAAAB] 
18.7.2022, 15:13:25 - INFO - New connected socket [id: DM0aThxX74IzHl-oAAAD] 
18.7.2022, 15:13:26 - INFO - Socket disconnected [id: undefined] 
18.7.2022, 15:13:27 - INFO - New connected socket [id: GSLNzo9LNjlNCvI1AAAF] 
18.7.2022, 15:13:28 - INFO - Setting socket.userId = 614ad26492b8a1101045b3a3 for socket [id: GSLNzo9LNjlNCvI1AAAF] 
18.7.2022, 15:13:30 - INFO - Socket disconnected [id: undefined] 
18.7.2022, 15:13:31 - INFO - New connected socket [id: PT9220kzRakm8WKhAAAH] 
18.7.2022, 15:13:31 - INFO - Setting socket.userId = 628a0424ae695950446757ed for socket [id: PT9220kzRakm8WKhAAAH] 
18.7.2022, 15:13:49 - INFO - Broadcasting event: review-added (userId: 628a0424ae695950446757ed)
18.7.2022, 15:13:49 - INFO - Broadcast to all excluding user: 628a0424ae695950446757ed (userId: 628a0424ae695950446757ed)
18.7.2022, 15:13:49 - INFO - No active socket for user: 614ad26392b8a1101045b3a1 (userId: 628a0424ae695950446757ed)
18.7.2022, 15:14:03 - INFO - Broadcasting event: review-added (userId: 628a0424ae695950446757ed)
18.7.2022, 15:14:03 - INFO - Broadcast to all excluding user: 628a0424ae695950446757ed (userId: 628a0424ae695950446757ed)
18.7.2022, 15:14:03 - INFO - No active socket for user: 614ad26492b8a1101045b3a3 (userId: 628a0424ae695950446757ed)
18.7.2022, 15:14:09 - INFO - user-watch from socket [id: PT9220kzRakm8WKhAAAH], on user 628a0424ae695950446757ed 
18.7.2022, 15:14:20 - ERROR - while finding user by id: undefined | Error: Argument passed in must be a single String of 12 bytes or a string of 24 hex characters (userId: 628a0424ae695950446757ed)
18.7.2022, 15:14:20 - ERROR - Failed to get user | Error: Argument passed in must be a single String of 12 bytes or a string of 24 hex characters (userId: 628a0424ae695950446757ed)
18.7.2022, 15:14:22 - INFO - user-watch from socket [id: PT9220kzRakm8WKhAAAH], on user 614ad26492b8a1101045b3a3 
18.7.2022, 15:14:27 - INFO - Broadcasting event: review-added (userId: 614ad26492b8a1101045b3a3)
18.7.2022, 15:14:27 - INFO - Broadcast to all excluding user: 614ad26492b8a1101045b3a3 (userId: 614ad26492b8a1101045b3a3)
18.7.2022, 15:14:27 - INFO - No active socket for user: 614ad26392b8a1101045b3a1 (userId: 614ad26492b8a1101045b3a3)
18.7.2022, 15:14:39 - INFO - Broadcasting event: review-added (userId: 614ad26492b8a1101045b3a3)
18.7.2022, 15:14:39 - INFO - Broadcast to all excluding user: 614ad26492b8a1101045b3a3 (userId: 614ad26492b8a1101045b3a3)
18.7.2022, 15:14:39 - INFO - No active socket for user: 614ad26392b8a1101045b3a1 (userId: 614ad26492b8a1101045b3a3)
18.7.2022, 15:14:48 - INFO - Socket disconnected [id: undefined] 
18.7.2022, 15:14:49 - INFO - New connected socket [id: rPzgxyh566PHl891AAAJ] 
18.7.2022, 15:14:49 - INFO - user-watch from socket [id: rPzgxyh566PHl891AAAJ], on user 614ad26492b8a1101045b3a3 
18.7.2022, 15:14:49 - INFO - Setting socket.userId = 628a0424ae695950446757ed for socket [id: rPzgxyh566PHl891AAAJ] 
18.7.2022, 15:15:00 - INFO - Socket disconnected [id: undefined] 
18.7.2022, 15:15:01 - INFO - New connected socket [id: _HwxmvbkByUOE14bAAAL] 
18.7.2022, 15:15:01 - INFO - user-watch from socket [id: _HwxmvbkByUOE14bAAAL], on user 614ad26492b8a1101045b3a3 
18.7.2022, 15:15:01 - INFO - Setting socket.userId = 628a0424ae695950446757ed for socket [id: _HwxmvbkByUOE14bAAAL] 
18.7.2022, 15:35:48 - INFO - Socket disconnected [id: undefined] 
18.7.2022, 16:25:20 - INFO - Socket disconnected [id: undefined] 
18.7.2022, 16:25:23 - INFO - New connected socket [id: wg1J9ESAe3z6nyD3AAAN] 
18.7.2022, 16:25:23 - INFO - user-watch from socket [id: wg1J9ESAe3z6nyD3AAAN], on user 614ad26492b8a1101045b3a3 
18.7.2022, 16:25:23 - INFO - Setting socket.userId = 628a0424ae695950446757ed for socket [id: wg1J9ESAe3z6nyD3AAAN] 
8.9.2022, 10:21:28 - INFO - Server is running on port: 3030 
8.9.2022, 11:02:45 - INFO - Server is running on port: 3030 
8.9.2022, 11:03:18 - DEBUG - auth.service - login with username: muki 
8.9.2022, 11:03:18 - INFO - User login:  | {"_id":"614ad26492b8a1101045b3a3","username":"muki","fullname":"Muki G","score":5220} 
8.9.2022, 11:03:52 - INFO - Broadcasting event: review-added (userId: 614ad26492b8a1101045b3a3)
8.9.2022, 11:03:52 - INFO - Emit to all (userId: 614ad26492b8a1101045b3a3)
8.9.2022, 11:03:52 - INFO - No active socket for user: 614ad26492b8a1101045b3a3 (userId: 614ad26492b8a1101045b3a3)
8.9.2022, 11:04:25 - INFO - Broadcasting event: review-added (userId: 614ad26492b8a1101045b3a3)
8.9.2022, 11:04:25 - INFO - Emit to all (userId: 614ad26492b8a1101045b3a3)
8.9.2022, 11:04:25 - INFO - No active socket for user: 628a0424ae695950446757ed (userId: 614ad26492b8a1101045b3a3)
8.9.2022, 11:46:54 - INFO - New connected socket [id: ha8njN5_IApblaq6AAAB] 
8.9.2022, 11:46:55 - INFO - New connected socket [id: Oc_tJv83gR9QnCNIAAAD] 
8.9.2022, 11:46:56 - INFO - Setting socket.userId = 614ad26492b8a1101045b3a3 for socket [id: Oc_tJv83gR9QnCNIAAAD] 
8.9.2022, 11:47:01 - INFO - Socket disconnected [id: undefined] 
8.9.2022, 11:47:02 - INFO - New connected socket [id: NCntBTlXdOuX_WEbAAAF] 
8.9.2022, 11:47:02 - INFO - Setting socket.userId = 614ad26492b8a1101045b3a3 for socket [id: NCntBTlXdOuX_WEbAAAF] 
8.9.2022, 11:47:06 - INFO - Socket disconnected [id: undefined] 
8.9.2022, 11:47:06 - INFO - New connected socket [id: sY_iLvooH-xWBh2GAAAH] 
8.9.2022, 11:47:15 - DEBUG - auth.service - login with username: user1 
8.9.2022, 11:47:15 - INFO - User login:  | {"_id":"614ad26392b8a1101045b3a1","username":"user1","fullname":"Puki Norma","score":3900} 
8.9.2022, 11:47:15 - INFO - Setting socket.userId = 614ad26392b8a1101045b3a1 for socket [id: sY_iLvooH-xWBh2GAAAH] 
8.9.2022, 11:47:27 - INFO - Broadcasting event: review-added (userId: 614ad26392b8a1101045b3a1)
8.9.2022, 11:47:27 - INFO - Broadcast to all excluding user: 614ad26392b8a1101045b3a1 (userId: 614ad26392b8a1101045b3a1)
8.9.2022, 11:47:27 - INFO - No active socket for user: 614ad26492b8a1101045b3a3 (userId: 614ad26392b8a1101045b3a1)
8.9.2022, 11:47:51 - INFO - Broadcasting event: review-added (userId: 614ad26392b8a1101045b3a1)
8.9.2022, 11:47:51 - INFO - Broadcast to all excluding user: 614ad26392b8a1101045b3a1 (userId: 614ad26392b8a1101045b3a1)
8.9.2022, 11:47:51 - INFO - No active socket for user: 614ad26492b8a1101045b3a3 (userId: 614ad26392b8a1101045b3a1)
8.9.2022, 11:48:25 - INFO - Removing socket.userId for socket [id: NCntBTlXdOuX_WEbAAAF] 
8.9.2022, 11:48:26 - INFO - Socket disconnected [id: undefined] 
8.9.2022, 11:48:27 - INFO - New connected socket [id: Kg_FxJThe48dChjFAAAJ] 
8.9.2022, 11:48:28 - INFO - Removing socket.userId for socket [id: sY_iLvooH-xWBh2GAAAH] 
8.9.2022, 11:48:33 - INFO - Socket disconnected [id: undefined] 
8.9.2022, 11:48:33 - INFO - New connected socket [id: dKLRZLLgT33u57IoAAAL] 
8.9.2022, 11:48:38 - DEBUG - auth.service - login with username: user1 
8.9.2022, 11:48:38 - INFO - User login:  | {"_id":"614ad26392b8a1101045b3a1","username":"user1","fullname":"Puki Norma","score":3920} 
8.9.2022, 11:48:38 - INFO - Setting socket.userId = 614ad26392b8a1101045b3a1 for socket [id: Kg_FxJThe48dChjFAAAJ] 
8.9.2022, 11:48:43 - DEBUG - auth.service - login with username: muki 
8.9.2022, 11:48:43 - INFO - User login:  | {"_id":"614ad26492b8a1101045b3a3","username":"muki","fullname":"Muki G","score":5240} 
8.9.2022, 11:48:43 - INFO - Setting socket.userId = 614ad26492b8a1101045b3a3 for socket [id: dKLRZLLgT33u57IoAAAL] 
8.9.2022, 11:48:55 - INFO - Broadcasting event: review-added (userId: 614ad26392b8a1101045b3a1)
8.9.2022, 11:48:55 - INFO - Broadcast to all excluding user: 614ad26392b8a1101045b3a1 (userId: 614ad26392b8a1101045b3a1)
8.9.2022, 11:48:55 - INFO - No active socket for user: 614ad26492b8a1101045b3a3 (userId: 614ad26392b8a1101045b3a1)
8.9.2022, 11:50:30 - INFO - Server is running on port: 3030 
8.9.2022, 11:50:30 - INFO - New connected socket [id: MjrFn6DHI7kvwi3kAAAB] 
8.9.2022, 11:50:31 - INFO - New connected socket [id: rDV56oPSn0OHA_odAAAD] 
8.9.2022, 11:50:35 - INFO - Socket disconnected [id: undefined] 
8.9.2022, 11:50:36 - INFO - New connected socket [id: DM7rzcjrC_yE484DAAAF] 
8.9.2022, 11:50:36 - INFO - Setting socket.userId = 614ad26492b8a1101045b3a3 for socket [id: DM7rzcjrC_yE484DAAAF] 
8.9.2022, 11:50:38 - INFO - Socket disconnected [id: undefined] 
8.9.2022, 11:50:39 - INFO - New connected socket [id: -WWfmuWbBg_0sZl3AAAH] 
8.9.2022, 11:50:39 - INFO - Setting socket.userId = 614ad26392b8a1101045b3a1 for socket [id: -WWfmuWbBg_0sZl3AAAH] 
8.9.2022, 11:50:55 - INFO - Broadcasting event: review-added (userId: 614ad26492b8a1101045b3a3)
8.9.2022, 11:50:55 - INFO - Broadcast to all excluding user: 614ad26492b8a1101045b3a3 (userId: 614ad26492b8a1101045b3a3)
8.9.2022, 11:50:55 - INFO - Emiting event: review-about-you to user: 614ad26392b8a1101045b3a1 socket [id: -WWfmuWbBg_0sZl3AAAH] (userId: 614ad26492b8a1101045b3a3)
8.9.2022, 11:54:20 - INFO - Socket disconnected [id: undefined] 
8.9.2022, 11:54:21 - INFO - Socket disconnected [id: undefined] 
8.9.2022, 11:54:21 - INFO - New connected socket [id: 6IqAj5r_-0sy5AU1AAAJ] 
8.9.2022, 11:54:21 - INFO - New connected socket [id: 76UHh6sgic89njBVAAAL] 
8.9.2022, 11:54:22 - INFO - Setting socket.userId = 614ad26392b8a1101045b3a1 for socket [id: 76UHh6sgic89njBVAAAL] 
8.9.2022, 11:54:22 - INFO - Setting socket.userId = 614ad26492b8a1101045b3a3 for socket [id: 6IqAj5r_-0sy5AU1AAAJ] 
8.9.2022, 12:16:07 - INFO - Server is running on port: 3030 
8.9.2022, 12:16:07 - INFO - New connected socket [id: m_A7f18zvq3FT0uGAAAB] 
8.9.2022, 12:16:07 - INFO - New connected socket [id: U_Lp5PoFENUTp_CVAAAD] 
8.9.2022, 12:16:17 - INFO - Socket disconnected [id: undefined] 
8.9.2022, 12:16:18 - INFO - New connected socket [id: dSH7259GYI8myqEzAAAF] 
8.9.2022, 12:16:18 - INFO - Setting socket.userId = 614ad26392b8a1101045b3a1 for socket [id: dSH7259GYI8myqEzAAAF] 
8.9.2022, 23:04:53 - INFO - Socket disconnected [id: undefined] 
8.9.2022, 23:10:09 - INFO - Socket disconnected [id: undefined] 
8.9.2022, 23:40:51 - INFO - Server is running on port: 3030 
8.9.2022, 23:43:08 - INFO - Server is running on port: 3030 
8.9.2022, 23:43:22 - INFO - Server is running on port: 3030 
8.9.2022, 23:43:58 - INFO - Server is running on port: 3030 
8.9.2022, 23:45:23 - INFO - Server is running on port: 3030 
12.9.2022, 11:44:12 - INFO - Server is running on port: 3030 
12.9.2022, 11:48:47 - INFO - Server is running on port: 3030 
12.9.2022, 11:50:58 - INFO - Sample Logger Middleware 
12.9.2022, 11:51:25 - INFO - Sample Logger Middleware 
12.9.2022, 11:51:31 - INFO - Sample Logger Middleware 
12.9.2022, 11:52:12 - INFO - Sample Logger Middleware 
12.9.2022, 11:52:24 - DEBUG - auth.service - login with username: user1 
12.9.2022, 11:52:24 - INFO - User login:  | {"_id":"614ad26392b8a1101045b3a1","username":"user1","fullname":"Puki Norma","score":3930} 
12.9.2022, 11:52:49 - INFO - Sample Logger Middleware (userId: 614ad26392b8a1101045b3a1)
12.9.2022, 11:52:50 - INFO - Broadcasting event: review-added (userId: 614ad26392b8a1101045b3a1)
12.9.2022, 11:52:50 - INFO - Emit to all (userId: 614ad26392b8a1101045b3a1)
12.9.2022, 11:52:50 - INFO - No active socket for user: 614ad26492b8a1101045b3a3 (userId: 614ad26392b8a1101045b3a1)
12.9.2022, 11:53:54 - INFO - Sample Logger Middleware (userId: 614ad26392b8a1101045b3a1)
12.9.2022, 11:53:55 - INFO - Broadcasting event: review-added (userId: 614ad26392b8a1101045b3a1)
12.9.2022, 11:53:55 - INFO - Emit to all (userId: 614ad26392b8a1101045b3a1)
12.9.2022, 11:53:55 - INFO - No active socket for user: 628a0424ae695950446757ed (userId: 614ad26392b8a1101045b3a1)
12.9.2022, 12:01:55 - INFO - Server is running on port: 3030 
12.9.2022, 12:06:10 - INFO - Server is running on port: 3030 
12.9.2022, 12:06:17 - INFO - Sample Logger Middleware (userId: 614ad26392b8a1101045b3a1)
12.9.2022, 12:08:11 - INFO - Server is running on port: 3030 
12.9.2022, 12:22:04 - INFO - Server is running on port: 3030 
12.9.2022, 12:25:42 - INFO - Server is running on port: 3030 
12.9.2022, 12:31:07 - INFO - Sample Logger Middleware (userId: 614ad26392b8a1101045b3a1)
12.9.2022, 12:31:24 - INFO - Sample Logger Middleware (userId: 614ad26392b8a1101045b3a1)
12.9.2022, 12:34:28 - INFO - Server is running on port: 3030 
12.9.2022, 12:34:28 - INFO - Sample Logger Middleware (userId: 614ad26392b8a1101045b3a1)
12.9.2022, 12:37:14 - INFO - Sample Logger Middleware (userId: 614ad26392b8a1101045b3a1)
13.9.2022, 17:19:44 - INFO - Server is running on port: 3030 
13.9.2022, 17:23:07 - INFO - Server is running on port: 3030 
23.11.2022, 20:30:13 - INFO - Server is running on port: 3030 
24.11.2022, 8:19:37 - INFO - Server is running on port: 3030 
24.11.2022, 15:30:22 - INFO - Server is running on port: 3030 
24.11.2022, 15:38:04 - INFO - Server is running on port: 3030 
24.11.2022, 17:08:59 - INFO - Server is running on port: 3030 
24.11.2022, 17:16:25 - INFO - Server is running on port: 3030 
24.11.2022, 17:29:45 - INFO - Server is running on port: 3030 
24.11.2022, 18:40:44 - INFO - Server is running on port: 3030 
24.11.2022, 18:44:31 - INFO - Server is running on port: 3030 
24.11.2022, 18:44:37 - INFO - Server is running on port: 3030 
24.11.2022, 18:51:57 - INFO - Server is running on port: 3030 
24.11.2022, 18:52:05 - INFO - Server is running on port: 3030 
24.11.2022, 18:52:15 - INFO - Server is running on port: 3030 
24.11.2022, 18:52:29 - INFO - Server is running on port: 3030 
24.11.2022, 18:53:55 - INFO - Server is running on port: 3030 
24.11.2022, 18:57:01 - INFO - Server is running on port: 3030 
24.11.2022, 18:57:18 - INFO - Server is running on port: 3030 
24.11.2022, 18:58:37 - INFO - Server is running on port: 3030 
24.11.2022, 18:58:47 - INFO - Server is running on port: 3030 
24.11.2022, 19:04:42 - INFO - Server is running on port: 3030 
24.11.2022, 19:04:45 - INFO - Server is running on port: 3030 
24.11.2022, 19:47:49 - INFO - Server is running on port: 3030 
27.11.2022, 11:15:28 - INFO - Server is running on port: 3030 
27.11.2022, 11:16:20 - INFO - Server is running on port: 3030 
27.11.2022, 11:24:03 - INFO - Server is running on port: 3030 
27.11.2022, 11:24:41 - INFO - Server is running on port: 3030 
27.11.2022, 11:24:50 - INFO - Server is running on port: 3030 
27.11.2022, 11:37:16 - INFO - Server is running on port: 3030 
27.11.2022, 11:45:33 - ERROR - while finding user by id: fgtjT | Error: Argument passed in must be a single String of 12 bytes or a string of 24 hex characters 
27.11.2022, 11:45:33 - ERROR - Failed to get user | Error: Argument passed in must be a single String of 12 bytes or a string of 24 hex characters 
27.11.2022, 11:45:54 - ERROR - while finding user by id: fgtjT | Error: Argument passed in must be a single String of 12 bytes or a string of 24 hex characters 
27.11.2022, 11:45:54 - ERROR - Failed to get user | Error: Argument passed in must be a single String of 12 bytes or a string of 24 hex characters 
27.11.2022, 11:46:23 - ERROR - while finding user by id: fgtjT | Error: Argument passed in must be a single String of 12 bytes or a string of 24 hex characters 
27.11.2022, 11:46:23 - ERROR - Failed to get user | Error: Argument passed in must be a single String of 12 bytes or a string of 24 hex characters 
27.11.2022, 11:46:55 - DEBUG - auth.service - login with username: muki 
27.11.2022, 11:46:55 - INFO - User login:  | {"_id":"614ad26492b8a1101045b3a3","username":"muki","fullname":"Muki G","score":5250} 
27.11.2022, 11:56:37 - INFO - Server is running on port: 3030 
27.11.2022, 11:56:49 - INFO - Server is running on port: 3030 
27.11.2022, 11:56:58 - INFO - Server is running on port: 3030 
27.11.2022, 11:57:18 - INFO - Server is running on port: 3030 
27.11.2022, 12:00:11 - INFO - Broadcasting event: review-added (userId: 614ad26492b8a1101045b3a3)
27.11.2022, 12:00:11 - INFO - Emit to all (userId: 614ad26492b8a1101045b3a3)
27.11.2022, 12:00:11 - INFO - No active socket for user: 628a0424ae695950446757ed (userId: 614ad26492b8a1101045b3a3)
27.11.2022, 12:06:08 - INFO - Server is running on port: 3030 
27.11.2022, 12:06:59 - INFO - Server is running on port: 3030 
27.11.2022, 12:07:23 - INFO - Server is running on port: 3030 
27.11.2022, 12:08:25 - INFO - Server is running on port: 3030 
27.11.2022, 12:08:58 - INFO - Server is running on port: 3030 
27.11.2022, 12:09:32 - INFO - Server is running on port: 3030 
27.11.2022, 12:10:00 - INFO - Server is running on port: 3030 
27.11.2022, 12:21:29 - INFO - Server is running on port: 3030 
27.11.2022, 12:21:55 - ERROR - Failed to add review | TypeError: Assignment to constant variable. (userId: 614ad26492b8a1101045b3a3)
27.11.2022, 12:22:03 - ERROR - Failed to add review | TypeError: Assignment to constant variable. (userId: 614ad26492b8a1101045b3a3)
27.11.2022, 12:22:54 - INFO - Server is running on port: 3030 
27.11.2022, 12:22:57 - INFO - Emit to all (userId: 614ad26492b8a1101045b3a3)
27.11.2022, 12:22:57 - INFO - No active socket for user: 637fe7d4739fe13b18036e89 (userId: 614ad26492b8a1101045b3a3)
27.11.2022, 12:22:57 - INFO - Broadcasting event: review-added (userId: 614ad26492b8a1101045b3a3)
27.11.2022, 12:49:00 - DEBUG - auth.service - signup with username: popo, fullname: Gambi Dash (userId: 614ad26492b8a1101045b3a3)
27.11.2022, 12:49:00 - DEBUG - auth.route - new account created: {"username":"popo","password":"$2b$10$5J077pl3PSrmf90zF8OH/e12gTRFyLNdSkbgXmdX2FRVLnEiBw.3C","fullname":"Gambi Dash","imgUrl":"https://res.cloudinary.com/dcwibf9o5/image/upload/v1669546133/cukb7togzdhmqncs41qs.jpg","score":100,"_id":"6383409cffa5f95df8d3a6cd"} (userId: 614ad26492b8a1101045b3a3)
27.11.2022, 12:49:00 - DEBUG - auth.service - login with username: popo (userId: 614ad26492b8a1101045b3a3)
27.11.2022, 12:49:00 - INFO - User signup: | {"_id":"6383409cffa5f95df8d3a6cd","username":"popo","fullname":"Gambi Dash","imgUrl":"https://res.cloudinary.com/dcwibf9o5/image/upload/v1669546133/cukb7togzdhmqncs41qs.jpg","score":100} (userId: 614ad26492b8a1101045b3a3)
27.11.2022, 13:04:44 - INFO - Server is running on port: 3030 
27.11.2022, 14:12:21 - INFO - Server is running on port: 3030 
28.11.2022, 11:37:21 - INFO - Server is running on port: 3030 
28.11.2022, 11:38:34 - DEBUG - Getting Cars (userId: 6383409cffa5f95df8d3a6cd)
28.11.2022, 11:48:32 - DEBUG - auth.service - login with username: user1 (userId: 6383409cffa5f95df8d3a6cd)
28.11.2022, 11:48:33 - INFO - User login:  | {"_id":"614ad26392b8a1101045b3a1","username":"user1","fullname":"Puki Norma","score":3960,"msgs":[]} (userId: 6383409cffa5f95df8d3a6cd)
28.11.2022, 14:10:04 - INFO - Server is running on port: 3030 
28.11.2022, 14:11:06 - INFO - Server is running on port: 3030 
28.11.2022, 14:11:34 - INFO - Server is running on port: 3030 
28.11.2022, 14:12:14 - DEBUG - Getting Cars (userId: 637fe7d4739fe13b18036e89)
28.11.2022, 14:13:12 - INFO - Server is running on port: 3030 
28.11.2022, 14:13:13 - INFO - Server is running on port: 3030 
28.11.2022, 14:13:16 - INFO - Server is running on port: 3030 
28.11.2022, 14:19:04 - INFO - Server is running on port: 3030 
28.11.2022, 14:19:11 - INFO - Server is running on port: 3030 
28.11.2022, 14:21:52 - INFO - Server is running on port: 3030 
28.11.2022, 14:22:12 - INFO - Server is running on port: 3030 
28.11.2022, 14:22:36 - INFO - Server is running on port: 3030 
28.11.2022, 14:23:43 - INFO - Server is running on port: 3030 
28.11.2022, 14:27:23 - INFO - Server is running on port: 3030 
28.11.2022, 15:58:51 - INFO - Server is running on port: 3030 
28.11.2022, 22:32:10 - INFO - Server is running on port: 3030 
29.11.2022, 14:23:23 - INFO - Server is running on port: 3030 
29.11.2022, 14:25:12 - INFO - Server is running on port: 3030 
29.11.2022, 14:28:21 - INFO - Server is running on port: 3030 
29.11.2022, 17:20:21 - INFO - Server is running on port: 3030 
29.11.2022, 17:21:44 - INFO - Server is running on port: 3030 
15.1.2023, 12:00:59 - INFO - Server is running on port: 3030 
15.1.2023, 12:03:07 - DEBUG - Getting Cars 
15.1.2023, 12:06:01 - INFO - Server is running on port: 3030 
15.1.2023, 12:06:16 - INFO - Server is running on port: 3030 
15.1.2023, 12:09:21 - INFO - Server is running on port: 3030 
15.1.2023, 12:09:33 - INFO - Server is running on port: 3030 
15.1.2023, 12:09:46 - INFO - Server is running on port: 3030 
15.1.2023, 12:12:52 - INFO - Server is running on port: 3030 
15.1.2023, 12:19:02 - INFO - Server is running on port: 3030 
15.1.2023, 12:24:36 - INFO - Server is running on port: 3030 
15.1.2023, 12:24:46 - INFO - Server is running on port: 3030 
15.1.2023, 12:25:33 - INFO - Server is running on port: 3030 
15.1.2023, 12:25:53 - INFO - Server is running on port: 3030 
15.1.2023, 12:33:23 - ERROR - while finding user by id: SRyqW | Error: Argument passed in must be a single String of 12 bytes or a string of 24 hex characters 
15.1.2023, 12:33:23 - ERROR - Failed to get user | Error: Argument passed in must be a single String of 12 bytes or a string of 24 hex characters 
15.1.2023, 12:33:26 - DEBUG - Getting Cars 
15.1.2023, 12:33:40 - DEBUG - Getting Cars 
15.1.2023, 12:43:26 - INFO - Server is running on port: 3030 
15.1.2023, 12:44:37 - INFO - Server is running on port: 3030 
15.1.2023, 12:54:38 - INFO - Server is running on port: 3030 
15.1.2023, 12:56:17 - DEBUG - Getting Cars 
15.1.2023, 12:56:48 - ERROR - cannot find cars | ReferenceError: logger is not defined 
15.1.2023, 12:56:48 - ERROR - Failed to get cars | ReferenceError: logger is not defined 
15.1.2023, 12:59:15 - DEBUG - Getting Cars 
15.1.2023, 12:59:39 - INFO - Server is running on port: 3030 
15.1.2023, 12:59:41 - DEBUG - Getting Cars 
15.1.2023, 13:00:12 - ERROR - Failed to get Mongo collection | MongoServerSelectionError: bad auth : Authentication failed. 
15.1.2023, 13:00:12 - ERROR - Cannot Connect to DB | MongoServerSelectionError: bad auth : Authentication failed. 
15.1.2023, 13:00:12 - ERROR - cannot find cars | MongoServerSelectionError: bad auth : Authentication failed. 
15.1.2023, 13:00:12 - ERROR - Failed to get cars | MongoServerSelectionError: bad auth : Authentication failed. 
15.1.2023, 13:00:43 - DEBUG - Getting Cars 
15.1.2023, 13:01:13 - ERROR - Cannot Connect to DB | MongoServerSelectionError: bad auth : Authentication failed. 
15.1.2023, 13:01:13 - ERROR - Failed to get Mongo collection | MongoServerSelectionError: bad auth : Authentication failed. 
15.1.2023, 13:01:13 - ERROR - cannot find cars | MongoServerSelectionError: bad auth : Authentication failed. 
15.1.2023, 13:01:13 - ERROR - Failed to get cars | MongoServerSelectionError: bad auth : Authentication failed. 
15.1.2023, 13:02:11 - INFO - Server is running on port: 3030 
15.1.2023, 13:02:18 - DEBUG - Getting Cars 
15.1.2023, 13:02:36 - DEBUG - Getting Cars 
15.1.2023, 13:02:50 - DEBUG - Getting Cars 
15.1.2023, 13:04:26 - INFO - Server is running on port: 3030 
15.1.2023, 16:50:33 - INFO - Server is running on port: 3030 
15.1.2023, 16:50:58 - INFO - Server is running on port: 3030 
15.1.2023, 17:48:14 - INFO - Server is running on port: 3030 
15.1.2023, 17:48:34 - DEBUG - Getting Toys 
15.1.2023, 17:48:34 - DEBUG - Getting Toys 
15.1.2023, 17:48:34 - DEBUG - Getting Toys 
15.1.2023, 17:49:47 - INFO - Server is running on port: 3030 
15.1.2023, 17:51:00 - INFO - Server is running on port: 3030 
15.1.2023, 17:51:20 - DEBUG - Getting Toys 
15.1.2023, 17:51:20 - DEBUG - Getting Toys 
15.1.2023, 17:51:20 - DEBUG - Getting Toys 
15.1.2023, 17:52:19 - INFO - Server is running on port: 3030 
15.1.2023, 17:58:38 - INFO - Server is running on port: 3030 
15.1.2023, 18:06:37 - DEBUG - Getting Toys 
15.1.2023, 18:06:37 - DEBUG - Getting Toys 
15.1.2023, 18:06:37 - DEBUG - Getting Toys 
15.1.2023, 18:35:30 - INFO - Server is running on port: 3030 
15.1.2023, 18:35:33 - INFO - Server is running on port: 3030 
15.1.2023, 18:36:37 - INFO - Server is running on port: 3030 
15.1.2023, 18:37:31 - INFO - Server is running on port: 3030 
15.1.2023, 18:38:42 - INFO - Server is running on port: 3030 
15.1.2023, 18:40:02 - INFO - Server is running on port: 3030 
15.1.2023, 18:40:07 - INFO - Server is running on port: 3030 
15.1.2023, 18:40:30 - INFO - Server is running on port: 3030 
15.1.2023, 18:41:12 - INFO - Server is running on port: 3030 
15.1.2023, 18:41:16 - INFO - Server is running on port: 3030 
15.1.2023, 18:42:24 - INFO - Server is running on port: 3030 
15.1.2023, 18:42:40 - INFO - Server is running on port: 3030 
15.1.2023, 19:03:45 - INFO - Server is running on port: 3030 
15.1.2023, 19:03:54 - DEBUG - Getting Toys 
15.1.2023, 19:03:54 - ERROR - Failed to get toys | TypeError: Cannot read properties of undefined (reading 'name') 
15.1.2023, 19:03:54 - ERROR - Failed to get toys | TypeError: Cannot read properties of undefined (reading 'name') 
15.1.2023, 19:03:54 - DEBUG - Getting Toys 
15.1.2023, 19:03:54 - ERROR - Failed to get toys | TypeError: Cannot read properties of undefined (reading 'name') 
15.1.2023, 19:03:54 - DEBUG - Getting Toys 
15.1.2023, 19:05:08 - DEBUG - Getting Toys 
15.1.2023, 19:05:08 - ERROR - Failed to get toys | TypeError: Cannot read properties of undefined (reading 'name') 
15.1.2023, 19:05:08 - ERROR - Failed to get toys | TypeError: Cannot read properties of undefined (reading 'name') 
15.1.2023, 19:05:08 - DEBUG - Getting Toys 
15.1.2023, 19:05:08 - DEBUG - Getting Toys 
15.1.2023, 19:05:08 - ERROR - Failed to get toys | TypeError: Cannot read properties of undefined (reading 'name') 
15.1.2023, 19:06:12 - INFO - Server is running on port: 3030 
15.1.2023, 19:06:16 - DEBUG - Getting Toys 
15.1.2023, 19:06:16 - ERROR - Failed to get toys | TypeError: Cannot read properties of undefined (reading 'name') 
15.1.2023, 19:06:16 - ERROR - Failed to get toys | TypeError: Cannot read properties of undefined (reading 'name') 
15.1.2023, 19:06:16 - DEBUG - Getting Toys 
15.1.2023, 19:06:16 - DEBUG - Getting Toys 
15.1.2023, 19:06:16 - ERROR - Failed to get toys | TypeError: Cannot read properties of undefined (reading 'name') 
15.1.2023, 19:06:35 - INFO - Server is running on port: 3030 
15.1.2023, 19:06:38 - DEBUG - Getting Toys 
15.1.2023, 19:06:38 - ERROR - Failed to get toys | TypeError: Cannot read properties of undefined (reading 'name') 
15.1.2023, 19:06:38 - DEBUG - Getting Toys 
15.1.2023, 19:06:38 - ERROR - Failed to get toys | TypeError: Cannot read properties of undefined (reading 'name') 
15.1.2023, 19:06:38 - DEBUG - Getting Toys 
15.1.2023, 19:06:38 - ERROR - Failed to get toys | TypeError: Cannot read properties of undefined (reading 'name') 
15.1.2023, 19:06:50 - INFO - Server is running on port: 3030 
15.1.2023, 19:06:54 - DEBUG - Getting Toys 
15.1.2023, 19:06:54 - ERROR - Failed to get toys | TypeError: Cannot read properties of undefined (reading 'name') 
15.1.2023, 19:06:54 - ERROR - Failed to get toys | TypeError: Cannot read properties of undefined (reading 'name') 
15.1.2023, 19:06:54 - DEBUG - Getting Toys 
15.1.2023, 19:06:54 - DEBUG - Getting Toys 
15.1.2023, 19:06:54 - ERROR - Failed to get toys | TypeError: Cannot read properties of undefined (reading 'name') 
15.1.2023, 19:09:19 - DEBUG - Getting Toys 
15.1.2023, 19:09:19 - ERROR - Failed to get toys | TypeError: Cannot read properties of undefined (reading 'name') 
15.1.2023, 19:09:20 - DEBUG - Getting Toys 
15.1.2023, 19:09:20 - ERROR - Failed to get toys | TypeError: Cannot read properties of undefined (reading 'name') 
15.1.2023, 19:09:20 - DEBUG - Getting Toys 
15.1.2023, 19:09:20 - ERROR - Failed to get toys | TypeError: Cannot read properties of undefined (reading 'name') 
15.1.2023, 19:09:43 - INFO - Server is running on port: 3030 
15.1.2023, 19:09:46 - DEBUG - Getting Toys 
15.1.2023, 19:09:46 - ERROR - Failed to get toys | TypeError: Cannot read properties of undefined (reading 'name') 
15.1.2023, 19:09:46 - DEBUG - Getting Toys 
15.1.2023, 19:09:46 - ERROR - Failed to get toys | TypeError: Cannot read properties of undefined (reading 'name') 
15.1.2023, 19:09:46 - DEBUG - Getting Toys 
15.1.2023, 19:09:46 - ERROR - Failed to get toys | TypeError: Cannot read properties of undefined (reading 'name') 
15.1.2023, 19:09:57 - INFO - Server is running on port: 3030 
15.1.2023, 19:12:45 - DEBUG - Getting Toys 
15.1.2023, 19:12:45 - ERROR - Failed to get toys | TypeError: Cannot read properties of undefined (reading 'name') 
15.1.2023, 19:12:45 - ERROR - Failed to get toys | TypeError: Cannot read properties of undefined (reading 'name') 
15.1.2023, 19:12:45 - DEBUG - Getting Toys 
15.1.2023, 19:12:45 - ERROR - Failed to get toys | TypeError: Cannot read properties of undefined (reading 'name') 
15.1.2023, 19:12:45 - DEBUG - Getting Toys 
15.1.2023, 19:13:03 - INFO - Server is running on port: 3030 
15.1.2023, 19:13:05 - DEBUG - Getting Toys 
15.1.2023, 19:13:06 - DEBUG - Getting Toys 
15.1.2023, 19:13:06 - DEBUG - Getting Toys 
15.1.2023, 19:13:12 - INFO - Server is running on port: 3030 
15.1.2023, 19:13:18 - DEBUG - Getting Toys 
15.1.2023, 19:13:18 - DEBUG - Getting Toys 
15.1.2023, 19:13:18 - DEBUG - Getting Toys 
15.1.2023, 19:13:31 - DEBUG - auth.service - signup with username: puki, fullname: puki 
15.1.2023, 19:13:31 - DEBUG - auth.route - new account created: {"username":"puki","password":"$2b$10$Ts9rML05IEIkeRZHfMZGz.gdK2U1lxSULOqlBnx492m6N4CwLVCt2","fullname":"puki","imgUrl":"https://cdn.pixabay.com/photo/2020/07/01/12/58/icon-5359553_1280.png","score":100,"isAdmin":false,"_id":"63c4343bfd991b61bf603c80"} 
15.1.2023, 19:13:31 - DEBUG - auth.service - login with username: puki 
15.1.2023, 19:13:32 - INFO - User signup: | {"_id":"63c4343bfd991b61bf603c80","username":"puki","fullname":"puki","imgUrl":"https://cdn.pixabay.com/photo/2020/07/01/12/58/icon-5359553_1280.png","score":100,"isAdmin":false} 
15.1.2023, 19:13:53 - DEBUG - Getting Toys (userId: 63c4343bfd991b61bf603c80)
15.1.2023, 19:13:53 - DEBUG - Getting Toys (userId: 63c4343bfd991b61bf603c80)
15.1.2023, 19:13:54 - DEBUG - Getting Toys (userId: 63c4343bfd991b61bf603c80)
15.1.2023, 19:16:39 - INFO - Server is running on port: 3030 
15.1.2023, 19:16:48 - DEBUG - Getting Toys (userId: 63c4343bfd991b61bf603c80)
15.1.2023, 19:16:48 - DEBUG - Getting Toys (userId: 63c4343bfd991b61bf603c80)
15.1.2023, 19:16:49 - DEBUG - Getting Toys (userId: 63c4343bfd991b61bf603c80)
15.1.2023, 19:22:27 - DEBUG - auth.service - signup with username: shuki, fullname: shuki 
15.1.2023, 19:22:27 - DEBUG - auth.route - new account created: {"username":"shuki","password":"$2b$10$WS9n3YH4tDZRfNXbr.2GNO5vR7yP8lHeKnwFzsppYvIdQKTGGcFnu","fullname":"shuki","imgUrl":"https://cdn.pixabay.com/photo/2020/07/01/12/58/icon-5359553_1280.png","score":100,"isAdmin":false,"_id":"63c436531272bade12af97d9"} 
15.1.2023, 19:22:27 - DEBUG - auth.service - login with username: shuki 
15.1.2023, 19:22:27 - INFO - User signup: | {"_id":"63c436531272bade12af97d9","username":"shuki","fullname":"shuki","imgUrl":"https://cdn.pixabay.com/photo/2020/07/01/12/58/icon-5359553_1280.png","score":100,"isAdmin":false} 
15.1.2023, 19:22:43 - DEBUG - Getting Toys (userId: 63c436531272bade12af97d9)
15.1.2023, 19:22:43 - DEBUG - Getting Toys (userId: 63c436531272bade12af97d9)
15.1.2023, 19:22:44 - DEBUG - Getting Toys (userId: 63c436531272bade12af97d9)
15.1.2023, 19:22:59 - DEBUG - Getting Toys (userId: 63c436531272bade12af97d9)
15.1.2023, 19:22:59 - DEBUG - Getting Toys (userId: 63c436531272bade12af97d9)
15.1.2023, 19:23:00 - DEBUG - Getting Toys (userId: 63c436531272bade12af97d9)
15.1.2023, 19:23:06 - DEBUG - Getting Toys (userId: 63c436531272bade12af97d9)
15.1.2023, 19:23:07 - DEBUG - Getting Toys (userId: 63c436531272bade12af97d9)
15.1.2023, 19:23:07 - DEBUG - Getting Toys (userId: 63c436531272bade12af97d9)
15.1.2023, 20:01:37 - INFO - Server is running on port: 3030 
15.1.2023, 20:01:44 - INFO - Server is running on port: 3030 
15.1.2023, 20:02:03 - INFO - Server is running on port: 3030 
15.1.2023, 20:13:01 - ERROR - cannot add toy msg 63c002159bfd4e15703c3ca2 | ReferenceError: loggedinUser is not defined (userId: 63c436531272bade12af97d9)
15.1.2023, 20:13:01 - ERROR - Failed to update toy | ReferenceError: loggedinUser is not defined (userId: 63c436531272bade12af97d9)
15.1.2023, 20:15:36 - ERROR - cannot add toy msg 63c002159bfd4e15703c3ca2 | ReferenceError: loggedinUser is not defined (userId: 63c436531272bade12af97d9)
15.1.2023, 20:15:36 - ERROR - Failed to update toy | ReferenceError: loggedinUser is not defined (userId: 63c436531272bade12af97d9)
15.1.2023, 20:16:29 - DEBUG - auth.service - login with username: puki 
15.1.2023, 20:16:29 - INFO - User login:  | {"_id":"63c4343bfd991b61bf603c80","username":"puki","fullname":"puki","imgUrl":"https://cdn.pixabay.com/photo/2020/07/01/12/58/icon-5359553_1280.png","score":100,"isAdmin":false} 
15.1.2023, 20:16:36 - ERROR - cannot add toy msg 63c002159bfd4e15703c3ca2 | ReferenceError: loggedinUser is not defined (userId: 63c4343bfd991b61bf603c80)
15.1.2023, 20:16:36 - ERROR - Failed to update toy | ReferenceError: loggedinUser is not defined (userId: 63c4343bfd991b61bf603c80)
15.1.2023, 20:17:26 - INFO - Server is running on port: 3030 
15.1.2023, 20:17:37 - ERROR - cannot add toy msg 63c002159bfd4e15703c3ca2 | ReferenceError: loggedinUser is not defined (userId: 63c4343bfd991b61bf603c80)
15.1.2023, 20:17:37 - ERROR - Failed to update toy | ReferenceError: loggedinUser is not defined (userId: 63c4343bfd991b61bf603c80)
15.1.2023, 20:20:43 - DEBUG - Getting Toys (userId: 63c4343bfd991b61bf603c80)
15.1.2023, 20:20:43 - DEBUG - Getting Toys (userId: 63c4343bfd991b61bf603c80)
15.1.2023, 20:20:44 - DEBUG - Getting Toys (userId: 63c4343bfd991b61bf603c80)
15.1.2023, 20:20:50 - DEBUG - Getting Toys (userId: 63c4343bfd991b61bf603c80)
15.1.2023, 20:20:50 - DEBUG - Getting Toys (userId: 63c4343bfd991b61bf603c80)
15.1.2023, 20:20:51 - DEBUG - Getting Toys (userId: 63c4343bfd991b61bf603c80)
15.1.2023, 20:21:18 - ERROR - cannot add toy msg 63c4440113aaf68946cc55d9 | ReferenceError: loggedinUser is not defined (userId: 63c4343bfd991b61bf603c80)
15.1.2023, 20:21:18 - ERROR - Failed to update toy | ReferenceError: loggedinUser is not defined (userId: 63c4343bfd991b61bf603c80)
15.1.2023, 20:22:52 - INFO - Server is running on port: 3030 
15.1.2023, 20:22:59 - ERROR - cannot add toy msg 63c4440113aaf68946cc55d9 | ReferenceError: loggedinUser is not defined (userId: 63c4343bfd991b61bf603c80)
15.1.2023, 20:22:59 - ERROR - Failed to update toy | ReferenceError: loggedinUser is not defined (userId: 63c4343bfd991b61bf603c80)
15.1.2023, 20:23:51 - INFO - Server is running on port: 3030 
15.1.2023, 20:24:03 - ERROR - cannot add toy msg 63c4440113aaf68946cc55d9 | ReferenceError: loggedinUser is not defined (userId: 63c4343bfd991b61bf603c80)
15.1.2023, 20:24:03 - ERROR - Failed to update toy | ReferenceError: loggedinUser is not defined (userId: 63c4343bfd991b61bf603c80)
15.1.2023, 20:28:54 - ERROR - cannot add toy msg 63c4440113aaf68946cc55d9 | ReferenceError: loggedinUser is not defined (userId: 63c4343bfd991b61bf603c80)
15.1.2023, 20:28:54 - ERROR - Failed to update toy | ReferenceError: loggedinUser is not defined (userId: 63c4343bfd991b61bf603c80)
15.1.2023, 20:32:06 - ERROR - cannot add toy msg 63c4440113aaf68946cc55d9 | ReferenceError: loggedinUser is not defined (userId: 63c4343bfd991b61bf603c80)
15.1.2023, 20:32:06 - ERROR - Failed to update toy | ReferenceError: loggedinUser is not defined (userId: 63c4343bfd991b61bf603c80)
15.1.2023, 20:35:41 - INFO - Server is running on port: 3030 
15.1.2023, 20:37:29 - INFO - Server is running on port: 3030 
15.1.2023, 20:37:39 - ERROR - cannot add toy msg 63c4440113aaf68946cc55d9 | ReferenceError: loggedinUser is not defined (userId: 63c4343bfd991b61bf603c80)
15.1.2023, 20:37:39 - ERROR - Failed to update toy | ReferenceError: loggedinUser is not defined (userId: 63c4343bfd991b61bf603c80)
15.1.2023, 20:38:15 - INFO - Server is running on port: 3030 
15.1.2023, 20:40:11 - INFO - Server is running on port: 3030 
16.1.2023, 16:22:48 - INFO - Server is running on port: 3030 
16.1.2023, 16:22:59 - INFO - Server is running on port: 3030 
16.1.2023, 16:23:35 - INFO - Server is running on port: 3030 
16.1.2023, 16:23:36 - INFO - New connected socket [id: 871lBeVrIJH3IOs9AAAB] 
16.1.2023, 16:23:36 - INFO - New chat msg from socket [id: 871lBeVrIJH3IOs9AAAB], emitting to topic Love 
16.1.2023, 16:23:36 - INFO - Setting socket.userId = 63c4343bfd991b61bf603c80 for socket [id: 871lBeVrIJH3IOs9AAAB] 
16.1.2023, 16:24:39 - INFO - Socket disconnected [id: undefined] 
16.1.2023, 16:24:40 - INFO - New connected socket [id: KO-GZiFvZRwuF3D4AAAD] 
16.1.2023, 16:24:41 - INFO - Setting socket.userId = 63c4343bfd991b61bf603c80 for socket [id: KO-GZiFvZRwuF3D4AAAD] 
16.1.2023, 16:24:51 - INFO - New chat msg from socket [id: KO-GZiFvZRwuF3D4AAAD], emitting to topic Love 
16.1.2023, 16:25:51 - INFO - Socket disconnected [id: undefined] 
16.1.2023, 16:25:51 - INFO - New connected socket [id: oAm4VG-RN5A5bQ_1AAAF] 
16.1.2023, 16:25:52 - INFO - Setting socket.userId = 63c4343bfd991b61bf603c80 for socket [id: oAm4VG-RN5A5bQ_1AAAF] 
16.1.2023, 16:27:47 - INFO - New connected socket [id: BKMjCXJY4CKjnk_KAAAH] 
16.1.2023, 16:27:56 - DEBUG - auth.service - login with username: shuki 
16.1.2023, 16:27:56 - ERROR - Failed to Login Invalid username or password 
16.1.2023, 16:27:56 - INFO - Socket disconnected [id: undefined] 
16.1.2023, 16:27:56 - INFO - New connected socket [id: 8FWC3-udQ_1pYWfeAAAJ] 
16.1.2023, 16:27:59 - DEBUG - Getting Toys 
16.1.2023, 16:27:59 - DEBUG - Getting Toys 
16.1.2023, 16:28:00 - DEBUG - Getting Toys 
16.1.2023, 16:28:09 - INFO - New chat msg from socket [id: oAm4VG-RN5A5bQ_1AAAF], emitting to topic Love 
16.1.2023, 16:28:12 - INFO - New chat msg from socket [id: 8FWC3-udQ_1pYWfeAAAJ], emitting to topic Love 
16.1.2023, 16:28:14 - INFO - Socket is leaving topic Love [id: 8FWC3-udQ_1pYWfeAAAJ] 
16.1.2023, 16:28:15 - INFO - Socket is leaving topic Politics [id: 8FWC3-udQ_1pYWfeAAAJ] 
16.1.2023, 16:28:16 - INFO - Socket is leaving topic Love [id: 8FWC3-udQ_1pYWfeAAAJ] 
16.1.2023, 16:28:18 - INFO - New chat msg from socket [id: 8FWC3-udQ_1pYWfeAAAJ], emitting to topic Politics 
16.1.2023, 16:28:20 - INFO - Socket is leaving topic Love [id: oAm4VG-RN5A5bQ_1AAAF] 
16.1.2023, 16:28:22 - INFO - New chat msg from socket [id: oAm4VG-RN5A5bQ_1AAAF], emitting to topic Politics 
16.1.2023, 16:31:35 - INFO - Socket is leaving topic Politics [id: oAm4VG-RN5A5bQ_1AAAF] 
16.1.2023, 16:31:36 - INFO - Socket is leaving topic Love [id: oAm4VG-RN5A5bQ_1AAAF] 
16.1.2023, 16:31:37 - INFO - Socket is leaving topic Politics [id: oAm4VG-RN5A5bQ_1AAAF] 
16.1.2023, 16:31:38 - INFO - Socket is leaving topic Love [id: oAm4VG-RN5A5bQ_1AAAF] 
16.1.2023, 16:32:15 - INFO - New chat msg from socket [id: oAm4VG-RN5A5bQ_1AAAF], emitting to topic Politics 
16.1.2023, 16:41:55 - INFO - Socket is leaving topic Politics [id: oAm4VG-RN5A5bQ_1AAAF] 
16.1.2023, 16:41:56 - INFO - Socket is leaving topic Politics [id: 8FWC3-udQ_1pYWfeAAAJ] 
16.1.2023, 16:42:35 - DEBUG - Getting Toys (userId: 63c4343bfd991b61bf603c80)
16.1.2023, 16:42:35 - DEBUG - Getting Toys (userId: 63c4343bfd991b61bf603c80)
16.1.2023, 16:42:35 - DEBUG - Getting Toys (userId: 63c4343bfd991b61bf603c80)
16.1.2023, 16:42:38 - INFO - Socket is leaving topic 63c4440113aaf68946cc55d9 [id: oAm4VG-RN5A5bQ_1AAAF] 
16.1.2023, 16:42:38 - INFO - Socket is leaving topic Love [id: oAm4VG-RN5A5bQ_1AAAF] 
16.1.2023, 16:42:42 - INFO - New chat msg from socket [id: oAm4VG-RN5A5bQ_1AAAF], emitting to topic 63c436721272bade12af97da 
16.1.2023, 16:42:44 - INFO - New chat msg from socket [id: oAm4VG-RN5A5bQ_1AAAF], emitting to topic 63c436721272bade12af97da 
16.1.2023, 16:42:46 - DEBUG - Getting Toys (userId: 63c4343bfd991b61bf603c80)
16.1.2023, 16:42:46 - DEBUG - Getting Toys (userId: 63c4343bfd991b61bf603c80)
16.1.2023, 16:42:47 - DEBUG - Getting Toys (userId: 63c4343bfd991b61bf603c80)
16.1.2023, 16:42:48 - INFO - Socket is leaving topic 63c436721272bade12af97da [id: oAm4VG-RN5A5bQ_1AAAF] 
16.1.2023, 16:42:48 - INFO - Socket is leaving topic Love [id: oAm4VG-RN5A5bQ_1AAAF] 
16.1.2023, 16:51:20 - INFO - New chat msg from socket [id: 8FWC3-udQ_1pYWfeAAAJ], emitting to topic 63c4440113aaf68946cc55d9 
16.1.2023, 16:58:49 - INFO - Socket is leaving topic 63c4440113aaf68946cc55d9 [id: oAm4VG-RN5A5bQ_1AAAF] 
16.1.2023, 16:58:49 - INFO - Socket is leaving topic Love [id: oAm4VG-RN5A5bQ_1AAAF] 
16.1.2023, 16:58:49 - INFO - Socket is leaving topic 63c4440113aaf68946cc55d9 [id: 8FWC3-udQ_1pYWfeAAAJ] 
16.1.2023, 16:58:49 - INFO - Socket is leaving topic Love [id: 8FWC3-udQ_1pYWfeAAAJ] 
16.1.2023, 16:58:58 - INFO - Socket is leaving topic 63c4440113aaf68946cc55d9 [id: oAm4VG-RN5A5bQ_1AAAF] 
16.1.2023, 16:58:58 - INFO - Socket is leaving topic Love [id: oAm4VG-RN5A5bQ_1AAAF] 
16.1.2023, 16:58:58 - INFO - Socket is leaving topic 63c4440113aaf68946cc55d9 [id: 8FWC3-udQ_1pYWfeAAAJ] 
16.1.2023, 16:58:58 - INFO - Socket is leaving topic Love [id: 8FWC3-udQ_1pYWfeAAAJ] 
16.1.2023, 16:59:03 - INFO - Socket is leaving topic 63c4440113aaf68946cc55d9 [id: oAm4VG-RN5A5bQ_1AAAF] 
16.1.2023, 16:59:03 - INFO - Socket is leaving topic Love [id: oAm4VG-RN5A5bQ_1AAAF] 
16.1.2023, 16:59:04 - INFO - Socket is leaving topic 63c4440113aaf68946cc55d9 [id: 8FWC3-udQ_1pYWfeAAAJ] 
16.1.2023, 16:59:04 - INFO - Socket is leaving topic Love [id: 8FWC3-udQ_1pYWfeAAAJ] 
16.1.2023, 16:59:14 - INFO - New chat msg from socket [id: 8FWC3-udQ_1pYWfeAAAJ], emitting to topic 63c4440113aaf68946cc55d9 
16.1.2023, 16:59:17 - INFO - New chat msg from socket [id: oAm4VG-RN5A5bQ_1AAAF], emitting to topic 63c4440113aaf68946cc55d9 
16.1.2023, 16:59:41 - INFO - New chat msg from socket [id: 8FWC3-udQ_1pYWfeAAAJ], emitting to topic 63c4440113aaf68946cc55d9 
16.1.2023, 17:04:12 - INFO - Socket is leaving topic 63c4440113aaf68946cc55d9 [id: 8FWC3-udQ_1pYWfeAAAJ] 
16.1.2023, 17:04:12 - INFO - Socket is leaving topic Love [id: 8FWC3-udQ_1pYWfeAAAJ] 
16.1.2023, 17:04:12 - INFO - Socket is leaving topic 63c4440113aaf68946cc55d9 [id: oAm4VG-RN5A5bQ_1AAAF] 
16.1.2023, 17:04:12 - INFO - Socket is leaving topic Love [id: oAm4VG-RN5A5bQ_1AAAF] 
16.1.2023, 17:13:35 - INFO - Server is running on port: 3030 
16.1.2023, 17:13:36 - INFO - New connected socket [id: XPJiHSTSsqsynYD2AAAB] 
16.1.2023, 17:13:36 - INFO - New connected socket [id: j1yCP9V8BAtPCnOcAAAD] 
16.1.2023, 17:13:45 - INFO - broadcasting user is typing 
16.1.2023, 17:13:46 - INFO - broadcasting user is typing 
16.1.2023, 17:13:51 - INFO - broadcasting user is typing 
16.1.2023, 17:13:51 - INFO - broadcasting user is typing 
16.1.2023, 17:13:51 - INFO - broadcasting user is typing 
16.1.2023, 17:13:51 - INFO - broadcasting user is typing 
16.1.2023, 17:13:51 - INFO - broadcasting user is typing 
16.1.2023, 17:13:51 - INFO - broadcasting user is typing 
16.1.2023, 17:13:52 - INFO - broadcasting user is typing 
16.1.2023, 17:13:52 - INFO - broadcasting user is typing 
16.1.2023, 17:15:24 - INFO - Socket is leaving topic Love [id: j1yCP9V8BAtPCnOcAAAD] 
16.1.2023, 17:15:24 - INFO - Socket is leaving topic Love [id: XPJiHSTSsqsynYD2AAAB] 
16.1.2023, 17:15:28 - INFO - broadcasting user is typing 
16.1.2023, 17:15:28 - INFO - broadcasting user is typing 
16.1.2023, 17:15:28 - INFO - broadcasting user is typing 
16.1.2023, 17:15:28 - INFO - broadcasting user is typing 
16.1.2023, 17:15:29 - INFO - broadcasting user is typing 
16.1.2023, 17:15:29 - INFO - broadcasting user is typing 
16.1.2023, 17:15:29 - INFO - broadcasting user is typing 
16.1.2023, 17:15:29 - INFO - broadcasting user is typing 
16.1.2023, 17:15:29 - INFO - broadcasting user is typing 
16.1.2023, 17:15:31 - INFO - New chat msg from socket [id: XPJiHSTSsqsynYD2AAAB], emitting to topic 63c4440113aaf68946cc55d9 
16.1.2023, 17:15:58 - INFO - broadcasting user is typing 
16.1.2023, 17:15:58 - INFO - broadcasting user is typing 
16.1.2023, 17:15:58 - INFO - broadcasting user is typing 
16.1.2023, 17:15:58 - INFO - broadcasting user is typing 
16.1.2023, 17:15:58 - INFO - broadcasting user is typing 
16.1.2023, 17:15:58 - INFO - broadcasting user is typing 
16.1.2023, 17:15:58 - INFO - New chat msg from socket [id: XPJiHSTSsqsynYD2AAAB], emitting to topic 63c4440113aaf68946cc55d9 
16.1.2023, 17:16:00 - INFO - broadcasting user is typing 
16.1.2023, 17:16:00 - INFO - broadcasting user is typing 
16.1.2023, 17:16:00 - INFO - broadcasting user is typing 
16.1.2023, 17:16:01 - INFO - broadcasting user is typing 
16.1.2023, 17:16:01 - INFO - broadcasting user is typing 
16.1.2023, 17:16:01 - INFO - broadcasting user is typing 
16.1.2023, 17:16:01 - INFO - broadcasting user is typing 
16.1.2023, 17:16:01 - INFO - broadcasting user is typing 
16.1.2023, 17:16:01 - INFO - New chat msg from socket [id: j1yCP9V8BAtPCnOcAAAD], emitting to topic 63c4440113aaf68946cc55d9 
16.1.2023, 17:16:03 - INFO - New chat msg from socket [id: XPJiHSTSsqsynYD2AAAB], emitting to topic 63c4440113aaf68946cc55d9 
16.1.2023, 17:16:06 - INFO - Socket disconnected [id: undefined] 
16.1.2023, 17:16:07 - INFO - Socket disconnected [id: undefined] 
16.1.2023, 17:16:08 - INFO - New connected socket [id: HrLoOEz2bTk8gxxaAAAF] 
16.1.2023, 17:16:09 - INFO - New connected socket [id: nBSvvyA0G9O5LNczAAAH] 
16.1.2023, 17:16:09 - INFO - Socket is leaving topic Love [id: HrLoOEz2bTk8gxxaAAAF] 
16.1.2023, 17:16:09 - INFO - Setting socket.userId = 63c4343bfd991b61bf603c80 for socket [id: HrLoOEz2bTk8gxxaAAAF] 
16.1.2023, 17:16:10 - INFO - Socket is leaving topic Love [id: nBSvvyA0G9O5LNczAAAH] 
16.1.2023, 17:16:11 - INFO - broadcasting user is typing 
16.1.2023, 17:16:11 - INFO - broadcasting user is typing 
16.1.2023, 17:16:11 - INFO - broadcasting user is typing 
16.1.2023, 17:16:11 - INFO - broadcasting user is typing 
16.1.2023, 17:16:11 - INFO - broadcasting user is typing 
16.1.2023, 17:16:12 - INFO - New chat msg from socket [id: nBSvvyA0G9O5LNczAAAH], emitting to topic 63c4440113aaf68946cc55d9 
16.1.2023, 17:16:18 - DEBUG - auth.service - login with username: shuki 
16.1.2023, 17:16:18 - ERROR - Failed to Login Invalid username or password 
16.1.2023, 17:16:18 - INFO - Socket disconnected [id: undefined] 
16.1.2023, 17:16:19 - INFO - New connected socket [id: 9Mq4NqqVSPwSmA3DAAAJ] 
16.1.2023, 17:16:22 - DEBUG - Getting Toys 
16.1.2023, 17:16:22 - DEBUG - Getting Toys 
16.1.2023, 17:16:22 - DEBUG - Getting Toys 
16.1.2023, 17:16:24 - INFO - Socket is leaving topic Love [id: 9Mq4NqqVSPwSmA3DAAAJ] 
16.1.2023, 17:16:25 - INFO - broadcasting user is typing 
16.1.2023, 17:16:25 - INFO - broadcasting user is typing 
16.1.2023, 17:16:25 - INFO - broadcasting user is typing 
16.1.2023, 17:16:25 - INFO - broadcasting user is typing 
16.1.2023, 17:16:26 - INFO - broadcasting user is typing 
16.1.2023, 17:16:26 - INFO - New chat msg from socket [id: 9Mq4NqqVSPwSmA3DAAAJ], emitting to topic 63c4440113aaf68946cc55d9 
16.1.2023, 17:16:33 - DEBUG - auth.service - login with username: shuki 
16.1.2023, 17:16:33 - ERROR - Failed to Login Invalid username or password 
16.1.2023, 17:16:33 - INFO - Socket disconnected [id: undefined] 
16.1.2023, 17:16:34 - INFO - New connected socket [id: 9lhhpj30lxDk7ttaAAAL] 
16.1.2023, 17:16:36 - DEBUG - Getting Toys 
16.1.2023, 17:16:36 - DEBUG - Getting Toys 
16.1.2023, 17:16:36 - DEBUG - Getting Toys 
16.1.2023, 17:18:57 - INFO - Socket is leaving topic Love [id: 9lhhpj30lxDk7ttaAAAL] 
16.1.2023, 17:18:58 - INFO - broadcasting user is typing 
16.1.2023, 17:18:58 - INFO - broadcasting user is typing 
16.1.2023, 17:18:58 - INFO - broadcasting user is typing 
16.1.2023, 17:18:59 - INFO - broadcasting user is typing 
16.1.2023, 17:18:59 - INFO - broadcasting user is typing 
16.1.2023, 17:18:59 - INFO - broadcasting user is typing 
16.1.2023, 17:18:59 - INFO - broadcasting user is typing 
16.1.2023, 17:18:59 - INFO - broadcasting user is typing 
16.1.2023, 17:18:59 - INFO - broadcasting user is typing 
16.1.2023, 17:19:00 - INFO - New chat msg from socket [id: 9lhhpj30lxDk7ttaAAAL], emitting to topic 63c4440113aaf68946cc55d9 
16.1.2023, 17:19:04 - INFO - broadcasting user is typing 
16.1.2023, 17:19:04 - INFO - broadcasting user is typing 
16.1.2023, 17:19:04 - INFO - broadcasting user is typing 
16.1.2023, 17:19:04 - INFO - broadcasting user is typing 
16.1.2023, 17:19:04 - INFO - broadcasting user is typing 
16.1.2023, 17:19:05 - INFO - broadcasting user is typing 
16.1.2023, 17:19:05 - INFO - broadcasting user is typing 
16.1.2023, 17:19:05 - INFO - broadcasting user is typing 
16.1.2023, 17:19:05 - INFO - broadcasting user is typing 
16.1.2023, 17:19:06 - INFO - New chat msg from socket [id: HrLoOEz2bTk8gxxaAAAF], emitting to topic 63c4440113aaf68946cc55d9 
16.1.2023, 17:19:13 - INFO - broadcasting user is typing 
16.1.2023, 17:19:13 - INFO - broadcasting user is typing 
16.1.2023, 17:19:13 - INFO - broadcasting user is typing 
16.1.2023, 17:19:13 - INFO - broadcasting user is typing 
16.1.2023, 17:19:14 - INFO - New chat msg from socket [id: 9lhhpj30lxDk7ttaAAAL], emitting to topic 63c4440113aaf68946cc55d9 
16.1.2023, 17:19:15 - INFO - broadcasting user is typing 
16.1.2023, 17:19:15 - INFO - broadcasting user is typing 
16.1.2023, 17:19:15 - INFO - broadcasting user is typing 
16.1.2023, 17:19:15 - INFO - broadcasting user is typing 
16.1.2023, 17:19:15 - INFO - broadcasting user is typing 
16.1.2023, 17:19:16 - INFO - broadcasting user is typing 
16.1.2023, 17:19:16 - INFO - broadcasting user is typing 
16.1.2023, 17:19:16 - INFO - New chat msg from socket [id: HrLoOEz2bTk8gxxaAAAF], emitting to topic 63c4440113aaf68946cc55d9 
16.1.2023, 17:32:04 - INFO - Server is running on port: 3030 
16.1.2023, 17:32:04 - INFO - New connected socket [id: l7RQLfOL7sZrC9DmAAAB] 
16.1.2023, 17:32:04 - INFO - New connected socket [id: VkGfa2qxNLRLcE93AAAD] 
16.1.2023, 17:53:00 - INFO - broadcasting user is typing 
16.1.2023, 17:53:00 - INFO - broadcasting user is typing 
16.1.2023, 17:53:00 - INFO - broadcasting user is typing 
16.1.2023, 17:53:02 - INFO - New chat msg from socket [id: VkGfa2qxNLRLcE93AAAD], emitting to topic 63c4440113aaf68946cc55d9 
16.1.2023, 17:53:30 - INFO - broadcasting user is typing 
16.1.2023, 17:53:30 - INFO - broadcasting user is typing 
16.1.2023, 17:53:30 - INFO - broadcasting user is typing 
16.1.2023, 17:53:30 - INFO - broadcasting user is typing 
16.1.2023, 17:53:30 - INFO - broadcasting user is typing 
16.1.2023, 17:53:30 - INFO - broadcasting user is typing 
16.1.2023, 17:53:31 - INFO - New chat msg from socket [id: VkGfa2qxNLRLcE93AAAD], emitting to topic 63c4440113aaf68946cc55d9 
16.1.2023, 17:55:09 - INFO - Server is running on port: 3030 
16.1.2023, 17:55:10 - INFO - New connected socket [id: j9XiWGRc9QOHUfM-AAAB] 
16.1.2023, 17:55:10 - INFO - New connected socket [id: ixCXPfeKFRBP75-qAAAD] 
16.1.2023, 17:56:29 - INFO - broadcasting user is typing 
16.1.2023, 17:56:29 - INFO - broadcasting user is typing 
16.1.2023, 17:56:29 - INFO - broadcasting user is typing 
16.1.2023, 17:56:30 - INFO - broadcasting user is typing 
16.1.2023, 17:56:30 - INFO - broadcasting user is typing 
16.1.2023, 17:56:30 - INFO - broadcasting user is typing 
16.1.2023, 17:56:30 - INFO - New chat msg from socket [id: j9XiWGRc9QOHUfM-AAAB], emitting to topic 63c4440113aaf68946cc55d9 
16.1.2023, 17:58:36 - INFO - Server is running on port: 3030 
16.1.2023, 17:58:36 - INFO - New connected socket [id: tpRQ1lfkNnMTysjVAAAC] 
16.1.2023, 17:58:36 - INFO - New connected socket [id: 1JdjWcI8U3v1daSdAAAD] 
16.1.2023, 18:03:08 - INFO - broadcasting user is typing 
16.1.2023, 18:03:08 - INFO - broadcasting user is typing 
16.1.2023, 18:03:08 - INFO - broadcasting user is typing 
16.1.2023, 18:03:08 - INFO - broadcasting user is typing 
16.1.2023, 18:03:08 - INFO - broadcasting user is typing 
16.1.2023, 18:03:09 - INFO - New chat msg from socket [id: tpRQ1lfkNnMTysjVAAAC], emitting to topic undefined 
16.1.2023, 18:05:00 - INFO - Socket disconnected [id: undefined] 
